Build started 1/9/2018 9:01:36 PM.
     1>Project "C:\Users\Muhammad HaMiD\Downloads\Programs\sum\sum\sum.vcxproj" on node 2 (build target(s)).
     1>InitializeBuildStatus:
         Creating "Debug\enter zero prg end.unsuccessfulbuild" because "AlwaysCreate" was specified.
       ClCompile:
         All outputs are up-to-date.
       ManifestResourceCompile:
         C:\Program Files (x86)\Microsoft SDKs\Windows\v7.0A\bin\rc.exe /nologo /fo"Debug\enter zero prg end.exe.embed.manifest.res" "Debug\enter zero prg end_manifest.rc" 
       Link:
         C:\Program Files (x86)\Microsoft Visual Studio 10.0\VC\bin\link.exe /ERRORREPORT:PROMPT /OUT:"C:\Users\Muhammad HaMiD\Downloads\Programs\sum\Debug\enter zero prg end.exe" /INCREMENTAL /NOLOGO kernel32.lib user32.lib gdi32.lib winspool.lib comdlg32.lib advapi32.lib shell32.lib ole32.lib oleaut32.lib uuid.lib odbc32.lib odbccp32.lib /MANIFEST /ManifestFile:"Debug\enter zero prg end.exe.intermediate.manifest" /MANIFESTUAC:"level='asInvoker' uiAccess='false'" /DEBUG /PDB:"C:\Users\Muhammad HaMiD\Downloads\Programs\sum\Debug\enter zero prg end.pdb" /SUBSYSTEM:CONSOLE /TLBID:1 /DYNAMICBASE /NXCOMPAT /IMPLIB:"C:\Users\Muhammad HaMiD\Downloads\Programs\sum\Debug\enter zero prg end.lib" /MACHINE:X86 "Debug\enter zero prg end.exe.embed.manifest.res"
         Debug\s.obj
       Manifest:
         C:\Program Files (x86)\Microsoft SDKs\Windows\v7.0A\bin\mt.exe /nologo /verbose /out:"Debug\enter zero prg end.exe.embed.manifest" /manifest "Debug\enter zero prg end.exe.intermediate.manifest"
         C:\Program Files (x86)\Microsoft SDKs\Windows\v7.0A\bin\rc.exe /nologo /fo"Debug\enter zero prg end.exe.embed.manifest.res" "Debug\enter zero prg end_manifest.rc" 
       LinkEmbedManifest:
         C:\Program Files (x86)\Microsoft Visual Studio 10.0\VC\bin\link.exe /ERRORREPORT:PROMPT /OUT:"C:\Users\Muhammad HaMiD\Downloads\Programs\sum\Debug\enter zero prg end.exe" /INCREMENTAL /NOLOGO kernel32.lib user32.lib gdi32.lib winspool.lib comdlg32.lib advapi32.lib shell32.lib ole32.lib oleaut32.lib uuid.lib odbc32.lib odbccp32.lib /MANIFEST /ManifestFile:"Debug\enter zero prg end.exe.intermediate.manifest" /MANIFESTUAC:"level='asInvoker' uiAccess='false'" /DEBUG /PDB:"C:\Users\Muhammad HaMiD\Downloads\Programs\sum\Debug\enter zero prg end.pdb" /SUBSYSTEM:CONSOLE /TLBID:1 /DYNAMICBASE /NXCOMPAT /IMPLIB:"C:\Users\Muhammad HaMiD\Downloads\Programs\sum\Debug\enter zero prg end.lib" /MACHINE:X86 "Debug\enter zero prg end.exe.embed.manifest.res"
         Debug\s.obj
         sum.vcxproj -> C:\Users\Muhammad HaMiD\Downloads\Programs\sum\Debug\enter zero prg end.exe
       FinalizeBuildStatus:
         Deleting file "Debug\enter zero prg end.unsuccessfulbuild".
         Touching "Debug\enter zero prg end.lastbuildstate".
     1>Done Building Project "C:\Users\Muhammad HaMiD\Downloads\Programs\sum\sum\sum.vcxproj" (build target(s)).

Build succeeded.

Time Elapsed 00:00:04.81
