Build started 12/24/2017 8:01:51 PM.
     1>Project "C:\Users\Muhammad HaMiD\Downloads\Programs\using field width\using field width\using field width.vcxproj" on node 2 (build target(s)).
     1>InitializeBuildStatus:
         Creating "Debug\using field width.unsuccessfulbuild" because "AlwaysCreate" was specified.
       ClCompile:
         C:\Program Files (x86)\Microsoft Visual Studio 10.0\VC\bin\CL.exe /c /ZI /nologo /W3 /WX- /Od /Oy- /D WIN32 /D _DEBUG /D _CONSOLE /D _UNICODE /D UNICODE /Gm /EHsc /RTC1 /MDd /GS /fp:precise /Zc:wchar_t /Zc:forScope /Fo"Debug\\" /Fd"Debug\vc100.pdb" /Gd /TC /analyze- /errorReport:prompt f.w.c
         f.w.c
     1>c:\users\muhammad hamid\downloads\programs\using field width\using field width\f.w.c(5): warning C4305: 'initializing' : truncation from 'double' to 'float'
       ManifestResourceCompile:
         All outputs are up-to-date.
       Link:
         C:\Program Files (x86)\Microsoft Visual Studio 10.0\VC\bin\link.exe /ERRORREPORT:PROMPT /OUT:"C:\Users\Muhammad HaMiD\Downloads\Programs\using field width\Debug\using field width.exe" /INCREMENTAL /NOLOGO kernel32.lib user32.lib gdi32.lib winspool.lib comdlg32.lib advapi32.lib shell32.lib ole32.lib oleaut32.lib uuid.lib odbc32.lib odbccp32.lib /MANIFEST /ManifestFile:"Debug\using field width.exe.intermediate.manifest" /MANIFESTUAC:"level='asInvoker' uiAccess='false'" /DEBUG /PDB:"C:\Users\Muhammad HaMiD\Downloads\Programs\using field width\Debug\using field width.pdb" /SUBSYSTEM:CONSOLE /TLBID:1 /DYNAMICBASE /NXCOMPAT /IMPLIB:"C:\Users\Muhammad HaMiD\Downloads\Programs\using field width\Debug\using field width.lib" /MACHINE:X86 "Debug\using field width.exe.embed.manifest.res"
         Debug\f.w.obj
       Manifest:
         C:\Program Files (x86)\Microsoft SDKs\Windows\v7.0A\bin\mt.exe /nologo /verbose /out:"Debug\using field width.exe.embed.manifest" /manifest "Debug\using field width.exe.intermediate.manifest"
         All outputs are up-to-date.
       LinkEmbedManifest:
         All outputs are up-to-date.
         using field width.vcxproj -> C:\Users\Muhammad HaMiD\Downloads\Programs\using field width\Debug\using field width.exe
       FinalizeBuildStatus:
         Deleting file "Debug\using field width.unsuccessfulbuild".
         Touching "Debug\using field width.lastbuildstate".
     1>Done Building Project "C:\Users\Muhammad HaMiD\Downloads\Programs\using field width\using field width\using field width.vcxproj" (build target(s)).

Build succeeded.

Time Elapsed 00:00:00.90
