Build started 12/26/2017 10:06:32 PM.
     1>Project "C:\Users\Muhammad HaMiD\Downloads\Programs\frist ten odd no\frist ten odd no\frist ten odd no.vcxproj" on node 2 (build target(s)).
     1>PrepareForBuild:
         Creating directory "C:\Users\Muhammad HaMiD\Downloads\Programs\frist ten odd no\Debug\".
       InitializeBuildStatus:
         Creating "Debug\frist ten odd no.unsuccessfulbuild" because "AlwaysCreate" was specified.
       ClCompile:
         C:\Program Files (x86)\Microsoft Visual Studio 10.0\VC\bin\CL.exe /c /ZI /nologo /W3 /WX- /Od /Oy- /D WIN32 /D _DEBUG /D _CONSOLE /D _UNICODE /D UNICODE /Gm /EHsc /RTC1 /MDd /GS /fp:precise /Zc:wchar_t /Zc:forScope /Fo"Debug\\" /Fd"Debug\vc100.pdb" /Gd /TC /analyze- /errorReport:prompt ten.c
         ten.c
       ManifestResourceCompile:
         C:\Program Files (x86)\Microsoft SDKs\Windows\v7.0A\bin\rc.exe /nologo /fo"Debug\frist ten odd no.exe.embed.manifest.res" "Debug\frist ten odd no_manifest.rc" 
       Link:
         C:\Program Files (x86)\Microsoft Visual Studio 10.0\VC\bin\link.exe /ERRORREPORT:PROMPT /OUT:"C:\Users\Muhammad HaMiD\Downloads\Programs\frist ten odd no\Debug\frist ten odd no.exe" /INCREMENTAL /NOLOGO kernel32.lib user32.lib gdi32.lib winspool.lib comdlg32.lib advapi32.lib shell32.lib ole32.lib oleaut32.lib uuid.lib odbc32.lib odbccp32.lib /MANIFEST /ManifestFile:"Debug\frist ten odd no.exe.intermediate.manifest" /MANIFESTUAC:"level='asInvoker' uiAccess='false'" /DEBUG /PDB:"C:\Users\Muhammad HaMiD\Downloads\Programs\frist ten odd no\Debug\frist ten odd no.pdb" /SUBSYSTEM:CONSOLE /TLBID:1 /DYNAMICBASE /NXCOMPAT /IMPLIB:"C:\Users\Muhammad HaMiD\Downloads\Programs\frist ten odd no\Debug\frist ten odd no.lib" /MACHINE:X86 "Debug\frist ten odd no.exe.embed.manifest.res"
         Debug\ten.obj
       Manifest:
         C:\Program Files (x86)\Microsoft SDKs\Windows\v7.0A\bin\mt.exe /nologo /verbose /out:"Debug\frist ten odd no.exe.embed.manifest" /manifest "Debug\frist ten odd no.exe.intermediate.manifest"
         C:\Program Files (x86)\Microsoft SDKs\Windows\v7.0A\bin\rc.exe /nologo /fo"Debug\frist ten odd no.exe.embed.manifest.res" "Debug\frist ten odd no_manifest.rc" 
       LinkEmbedManifest:
         C:\Program Files (x86)\Microsoft Visual Studio 10.0\VC\bin\link.exe /ERRORREPORT:PROMPT /OUT:"C:\Users\Muhammad HaMiD\Downloads\Programs\frist ten odd no\Debug\frist ten odd no.exe" /INCREMENTAL /NOLOGO kernel32.lib user32.lib gdi32.lib winspool.lib comdlg32.lib advapi32.lib shell32.lib ole32.lib oleaut32.lib uuid.lib odbc32.lib odbccp32.lib /MANIFEST /ManifestFile:"Debug\frist ten odd no.exe.intermediate.manifest" /MANIFESTUAC:"level='asInvoker' uiAccess='false'" /DEBUG /PDB:"C:\Users\Muhammad HaMiD\Downloads\Programs\frist ten odd no\Debug\frist ten odd no.pdb" /SUBSYSTEM:CONSOLE /TLBID:1 /DYNAMICBASE /NXCOMPAT /IMPLIB:"C:\Users\Muhammad HaMiD\Downloads\Programs\frist ten odd no\Debug\frist ten odd no.lib" /MACHINE:X86 "Debug\frist ten odd no.exe.embed.manifest.res"
         Debug\ten.obj
         frist ten odd no.vcxproj -> C:\Users\Muhammad HaMiD\Downloads\Programs\frist ten odd no\Debug\frist ten odd no.exe
       FinalizeBuildStatus:
         Deleting file "Debug\frist ten odd no.unsuccessfulbuild".
         Touching "Debug\frist ten odd no.lastbuildstate".
     1>Done Building Project "C:\Users\Muhammad HaMiD\Downloads\Programs\frist ten odd no\frist ten odd no\frist ten odd no.vcxproj" (build target(s)).

Build succeeded.

Time Elapsed 00:00:00.82
