Build started 1/22/2018 12:46:47 PM.
     1>Project "C:\Users\Muhammad HaMiD\Desktop\do while\do while ending no\do while ending no\do while ending no.vcxproj" on node 2 (build target(s)).
     1>InitializeBuildStatus:
         Creating "Debug\do while ending no.unsuccessfulbuild" because "AlwaysCreate" was specified.
       ClCompile:
         C:\Program Files (x86)\Microsoft Visual Studio 10.0\VC\bin\CL.exe /c /ZI /nologo /W3 /WX- /Od /Oy- /D WIN32 /D _DEBUG /D _CONSOLE /D _UNICODE /D UNICODE /Gm /EHsc /RTC1 /MDd /GS /fp:precise /Zc:wchar_t /Zc:forScope /Fo"Debug\\" /Fd"Debug\vc100.pdb" /Gd /TC /analyze- /errorReport:prompt wss.c
         wss.c
     1>c:\users\muhammad hamid\desktop\do while\do while ending no\do while ending no\wss.c(6): warning C4996: 'scanf': This function or variable may be unsafe. Consider using scanf_s instead. To disable deprecation, use _CRT_SECURE_NO_WARNINGS. See online help for details.
                 c:\program files (x86)\microsoft visual studio 10.0\vc\include\stdio.h(304) : see declaration of 'scanf'
     1>c:\users\muhammad hamid\desktop\do while\do while ending no\do while ending no\wss.c(8): warning C4996: 'scanf': This function or variable may be unsafe. Consider using scanf_s instead. To disable deprecation, use _CRT_SECURE_NO_WARNINGS. See online help for details.
                 c:\program files (x86)\microsoft visual studio 10.0\vc\include\stdio.h(304) : see declaration of 'scanf'
       ManifestResourceCompile:
         C:\Program Files (x86)\Microsoft SDKs\Windows\v7.0A\bin\rc.exe /nologo /fo"Debug\do while ending no.exe.embed.manifest.res" "Debug\do while ending no_manifest.rc" 
       Link:
         C:\Program Files (x86)\Microsoft Visual Studio 10.0\VC\bin\link.exe /ERRORREPORT:PROMPT /OUT:"C:\Users\Muhammad HaMiD\Desktop\do while\do while ending no\Debug\do while ending no.exe" /INCREMENTAL /NOLOGO kernel32.lib user32.lib gdi32.lib winspool.lib comdlg32.lib advapi32.lib shell32.lib ole32.lib oleaut32.lib uuid.lib odbc32.lib odbccp32.lib /MANIFEST /ManifestFile:"Debug\do while ending no.exe.intermediate.manifest" /MANIFESTUAC:"level='asInvoker' uiAccess='false'" /DEBUG /PDB:"C:\Users\Muhammad HaMiD\Desktop\do while\do while ending no\Debug\do while ending no.pdb" /SUBSYSTEM:CONSOLE /TLBID:1 /DYNAMICBASE /NXCOMPAT /IMPLIB:"C:\Users\Muhammad HaMiD\Desktop\do while\do while ending no\Debug\do while ending no.lib" /MACHINE:X86 "Debug\do while ending no.exe.embed.manifest.res"
         Debug\wss.obj
       Manifest:
         C:\Program Files (x86)\Microsoft SDKs\Windows\v7.0A\bin\mt.exe /nologo /verbose /out:"Debug\do while ending no.exe.embed.manifest" /manifest "Debug\do while ending no.exe.intermediate.manifest"
         All outputs are up-to-date.
       LinkEmbedManifest:
         All outputs are up-to-date.
         do while ending no.vcxproj -> C:\Users\Muhammad HaMiD\Desktop\do while\do while ending no\Debug\do while ending no.exe
       FinalizeBuildStatus:
         Deleting file "Debug\do while ending no.unsuccessfulbuild".
         Touching "Debug\do while ending no.lastbuildstate".
     1>Done Building Project "C:\Users\Muhammad HaMiD\Desktop\do while\do while ending no\do while ending no\do while ending no.vcxproj" (build target(s)).

Build succeeded.

Time Elapsed 00:00:04.78
