Build started 12/14/2017 1:35:34 PM.
     1>Project "F:\Work\Visual Studio\EvenOdd.c\EvenOdd.c\EvenOdd.c.vcxproj" on node 2 (build target(s)).
     1>InitializeBuildStatus:
         Touching "Debug\EvenOdd.c.unsuccessfulbuild".
       ClCompile:
         C:\Program Files (x86)\Microsoft Visual Studio 10.0\VC\bin\CL.exe /c /ZI /nologo /W3 /WX- /Od /Oy- /D WIN32 /D _DEBUG /D _CONSOLE /D _UNICODE /D UNICODE /Gm /EHsc /RTC1 /MDd /GS /fp:precise /Zc:wchar_t /Zc:forScope /Fo"Debug\\" /Fd"Debug\vc100.pdb" /Gd /TC /analyze- /errorReport:prompt EvenOdd.c
         EvenOdd.c
     1>f:\work\visual studio\evenodd.c\evenodd.c\evenodd.c(7): warning C4996: 'scanf': This function or variable may be unsafe. Consider using scanf_s instead. To disable deprecation, use _CRT_SECURE_NO_WARNINGS. See online help for details.
                 c:\program files (x86)\microsoft visual studio 10.0\vc\include\stdio.h(304) : see declaration of 'scanf'
       ManifestResourceCompile:
         C:\Program Files (x86)\Microsoft SDKs\Windows\v7.0A\bin\rc.exe /nologo /fo"Debug\EvenOdd.c.exe.embed.manifest.res" Debug\EvenOdd.c_manifest.rc 
       Link:
         C:\Program Files (x86)\Microsoft Visual Studio 10.0\VC\bin\link.exe /ERRORREPORT:PROMPT /OUT:"F:\Work\Visual Studio\EvenOdd.c\Debug\EvenOdd.c.exe" /INCREMENTAL /NOLOGO kernel32.lib user32.lib gdi32.lib winspool.lib comdlg32.lib advapi32.lib shell32.lib ole32.lib oleaut32.lib uuid.lib odbc32.lib odbccp32.lib /MANIFEST /ManifestFile:"Debug\EvenOdd.c.exe.intermediate.manifest" /MANIFESTUAC:"level='asInvoker' uiAccess='false'" /DEBUG /PDB:"F:\Work\Visual Studio\EvenOdd.c\Debug\EvenOdd.c.pdb" /SUBSYSTEM:CONSOLE /TLBID:1 /DYNAMICBASE /NXCOMPAT /IMPLIB:"F:\Work\Visual Studio\EvenOdd.c\Debug\EvenOdd.c.lib" /MACHINE:X86 Debug\EvenOdd.c.exe.embed.manifest.res
         Debug\EvenOdd.obj
       Manifest:
         C:\Program Files (x86)\Microsoft SDKs\Windows\v7.0A\bin\mt.exe /nologo /verbose /out:"Debug\EvenOdd.c.exe.embed.manifest" /manifest Debug\EvenOdd.c.exe.intermediate.manifest
         C:\Program Files (x86)\Microsoft SDKs\Windows\v7.0A\bin\rc.exe /nologo /fo"Debug\EvenOdd.c.exe.embed.manifest.res" Debug\EvenOdd.c_manifest.rc 
       LinkEmbedManifest:
         C:\Program Files (x86)\Microsoft Visual Studio 10.0\VC\bin\link.exe /ERRORREPORT:PROMPT /OUT:"F:\Work\Visual Studio\EvenOdd.c\Debug\EvenOdd.c.exe" /INCREMENTAL /NOLOGO kernel32.lib user32.lib gdi32.lib winspool.lib comdlg32.lib advapi32.lib shell32.lib ole32.lib oleaut32.lib uuid.lib odbc32.lib odbccp32.lib /MANIFEST /ManifestFile:"Debug\EvenOdd.c.exe.intermediate.manifest" /MANIFESTUAC:"level='asInvoker' uiAccess='false'" /DEBUG /PDB:"F:\Work\Visual Studio\EvenOdd.c\Debug\EvenOdd.c.pdb" /SUBSYSTEM:CONSOLE /TLBID:1 /DYNAMICBASE /NXCOMPAT /IMPLIB:"F:\Work\Visual Studio\EvenOdd.c\Debug\EvenOdd.c.lib" /MACHINE:X86 Debug\EvenOdd.c.exe.embed.manifest.res
         Debug\EvenOdd.obj
         EvenOdd.c.vcxproj -> F:\Work\Visual Studio\EvenOdd.c\Debug\EvenOdd.c.exe
       FinalizeBuildStatus:
         Deleting file "Debug\EvenOdd.c.unsuccessfulbuild".
         Touching "Debug\EvenOdd.c.lastbuildstate".
     1>Done Building Project "F:\Work\Visual Studio\EvenOdd.c\EvenOdd.c\EvenOdd.c.vcxproj" (build target(s)).

Build succeeded.

Time Elapsed 00:00:01.63
