Build started 12/23/2017 10:42:47 PM.
     1>Project "C:\Users\Muhammad HaMiD\Downloads\Programs\temperature .celsius  convert in fahrenhiet\temperature .celsius  convert in fahrenhiet\temperature .celsius  convert in fahrenhiet.vcxproj" on node 2 (build target(s)).
     1>PrepareForBuild:
         Creating directory "C:\Users\Muhammad HaMiD\Downloads\Programs\temperature .celsius  convert in fahrenhiet\Debug\".
       InitializeBuildStatus:
         Creating "Debug\temperature .celsius  convert in fahrenhiet.unsuccessfulbuild" because "AlwaysCreate" was specified.
       ClCompile:
         C:\Program Files (x86)\Microsoft Visual Studio 10.0\VC\bin\CL.exe /c /ZI /nologo /W3 /WX- /Od /Oy- /D WIN32 /D _DEBUG /D _CONSOLE /D _UNICODE /D UNICODE /Gm /EHsc /RTC1 /MDd /GS /fp:precise /Zc:wchar_t /Zc:forScope /Fo"Debug\\" /Fd"Debug\vc100.pdb" /Gd /TC /analyze- /errorReport:prompt c.f.c
         c.f.c
     1>c:\users\muhammad hamid\downloads\programs\temperature .celsius  convert in fahrenhiet\temperature .celsius  convert in fahrenhiet\c.f.c(7): warning C4996: 'scanf': This function or variable may be unsafe. Consider using scanf_s instead. To disable deprecation, use _CRT_SECURE_NO_WARNINGS. See online help for details.
                 c:\program files (x86)\microsoft visual studio 10.0\vc\include\stdio.h(304) : see declaration of 'scanf'
       ManifestResourceCompile:
         C:\Program Files (x86)\Microsoft SDKs\Windows\v7.0A\bin\rc.exe /nologo /fo"Debug\temperature .celsius  convert in fahrenhiet.exe.embed.manifest.res" "Debug\temperature .celsius  convert in fahrenhiet_manifest.rc" 
       Link:
         C:\Program Files (x86)\Microsoft Visual Studio 10.0\VC\bin\link.exe /ERRORREPORT:PROMPT /OUT:"C:\Users\Muhammad HaMiD\Downloads\Programs\temperature .celsius  convert in fahrenhiet\Debug\temperature .celsius  convert in fahrenhiet.exe" /INCREMENTAL /NOLOGO kernel32.lib user32.lib gdi32.lib winspool.lib comdlg32.lib advapi32.lib shell32.lib ole32.lib oleaut32.lib uuid.lib odbc32.lib odbccp32.lib /MANIFEST /ManifestFile:"Debug\temperature .celsius  convert in fahrenhiet.exe.intermediate.manifest" /MANIFESTUAC:"level='asInvoker' uiAccess='false'" /DEBUG /PDB:"C:\Users\Muhammad HaMiD\Downloads\Programs\temperature .celsius  convert in fahrenhiet\Debug\temperature .celsius  convert in fahrenhiet.pdb" /SUBSYSTEM:CONSOLE /TLBID:1 /DYNAMICBASE /NXCOMPAT /IMPLIB:"C:\Users\Muhammad HaMiD\Downloads\Programs\temperature .celsius  convert in fahrenhiet\Debug\temperature .celsius  convert in fahrenhiet.lib" /MACHINE:X86 "Debug\temperature .celsius  convert in fahrenhiet.exe.embed.manifest.res"
         Debug\c.f.obj
       Manifest:
         C:\Program Files (x86)\Microsoft SDKs\Windows\v7.0A\bin\mt.exe /nologo /verbose /out:"Debug\temperature .celsius  convert in fahrenhiet.exe.embed.manifest" /manifest "Debug\temperature .celsius  convert in fahrenhiet.exe.intermediate.manifest"
         C:\Program Files (x86)\Microsoft SDKs\Windows\v7.0A\bin\rc.exe /nologo /fo"Debug\temperature .celsius  convert in fahrenhiet.exe.embed.manifest.res" "Debug\temperature .celsius  convert in fahrenhiet_manifest.rc" 
       LinkEmbedManifest:
         C:\Program Files (x86)\Microsoft Visual Studio 10.0\VC\bin\link.exe /ERRORREPORT:PROMPT /OUT:"C:\Users\Muhammad HaMiD\Downloads\Programs\temperature .celsius  convert in fahrenhiet\Debug\temperature .celsius  convert in fahrenhiet.exe" /INCREMENTAL /NOLOGO kernel32.lib user32.lib gdi32.lib winspool.lib comdlg32.lib advapi32.lib shell32.lib ole32.lib oleaut32.lib uuid.lib odbc32.lib odbccp32.lib /MANIFEST /ManifestFile:"Debug\temperature .celsius  convert in fahrenhiet.exe.intermediate.manifest" /MANIFESTUAC:"level='asInvoker' uiAccess='false'" /DEBUG /PDB:"C:\Users\Muhammad HaMiD\Downloads\Programs\temperature .celsius  convert in fahrenhiet\Debug\temperature .celsius  convert in fahrenhiet.pdb" /SUBSYSTEM:CONSOLE /TLBID:1 /DYNAMICBASE /NXCOMPAT /IMPLIB:"C:\Users\Muhammad HaMiD\Downloads\Programs\temperature .celsius  convert in fahrenhiet\Debug\temperature .celsius  convert in fahrenhiet.lib" /MACHINE:X86 "Debug\temperature .celsius  convert in fahrenhiet.exe.embed.manifest.res"
         Debug\c.f.obj
         temperature .celsius  convert in fahrenhiet.vcxproj -> C:\Users\Muhammad HaMiD\Downloads\Programs\temperature .celsius  convert in fahrenhiet\Debug\temperature .celsius  convert in fahrenhiet.exe
       FinalizeBuildStatus:
         Deleting file "Debug\temperature .celsius  convert in fahrenhiet.unsuccessfulbuild".
         Touching "Debug\temperature .celsius  convert in fahrenhiet.lastbuildstate".
     1>Done Building Project "C:\Users\Muhammad HaMiD\Downloads\Programs\temperature .celsius  convert in fahrenhiet\temperature .celsius  convert in fahrenhiet\temperature .celsius  convert in fahrenhiet.vcxproj" (build target(s)).

Build succeeded.

Time Elapsed 00:00:01.56
