Build started 12/23/2017 9:05:12 PM.
     1>Project "C:\Users\Muhammad HaMiD\Documents\Visual Studio 2010\Visual Studio\PositiveNegative\PositiveNegative\PositiveNegative.vcxproj" on node 2 (build target(s)).
     1>InitializeBuildStatus:
         Creating "Debug\PositiveNegative.unsuccessfulbuild" because "AlwaysCreate" was specified.
       ClCompile:
         C:\Program Files (x86)\Microsoft Visual Studio 10.0\VC\bin\CL.exe /c /ZI /nologo /W3 /WX- /Od /Oy- /D WIN32 /D _DEBUG /D _CONSOLE /D _UNICODE /D UNICODE /Gm /EHsc /RTC1 /MDd /GS /fp:precise /Zc:wchar_t /Zc:forScope /Fo"Debug\\" /Fd"Debug\vc100.pdb" /Gd /TC /analyze- /errorReport:prompt PositiveNegative.c
         PositiveNegative.c
     1>c:\users\muhammad hamid\documents\visual studio 2010\visual studio\positivenegative\positivenegative\positivenegative.c(7): warning C4996: 'scanf': This function or variable may be unsafe. Consider using scanf_s instead. To disable deprecation, use _CRT_SECURE_NO_WARNINGS. See online help for details.
                 c:\program files (x86)\microsoft visual studio 10.0\vc\include\stdio.h(304) : see declaration of 'scanf'
     1>c:\users\muhammad hamid\documents\visual studio 2010\visual studio\positivenegative\positivenegative\positivenegative.c(10): warning C4717: 'main' : recursive on all control paths, function will cause runtime stack overflow
       ManifestResourceCompile:
         All outputs are up-to-date.
       Link:
         C:\Program Files (x86)\Microsoft Visual Studio 10.0\VC\bin\link.exe /ERRORREPORT:PROMPT /OUT:"C:\Users\Muhammad HaMiD\Documents\Visual Studio 2010\Visual Studio\PositiveNegative\Debug\PositiveNegative.exe" /INCREMENTAL /NOLOGO kernel32.lib user32.lib gdi32.lib winspool.lib comdlg32.lib advapi32.lib shell32.lib ole32.lib oleaut32.lib uuid.lib odbc32.lib odbccp32.lib /MANIFEST /ManifestFile:"Debug\PositiveNegative.exe.intermediate.manifest" /MANIFESTUAC:"level='asInvoker' uiAccess='false'" /DEBUG /PDB:"C:\Users\Muhammad HaMiD\Documents\Visual Studio 2010\Visual Studio\PositiveNegative\Debug\PositiveNegative.pdb" /SUBSYSTEM:CONSOLE /TLBID:1 /DYNAMICBASE /NXCOMPAT /IMPLIB:"C:\Users\Muhammad HaMiD\Documents\Visual Studio 2010\Visual Studio\PositiveNegative\Debug\PositiveNegative.lib" /MACHINE:X86 Debug\PositiveNegative.exe.embed.manifest.res
         Debug\PositiveNegative.obj
       Manifest:
         C:\Program Files (x86)\Microsoft SDKs\Windows\v7.0A\bin\mt.exe /nologo /verbose /out:"Debug\PositiveNegative.exe.embed.manifest" /manifest Debug\PositiveNegative.exe.intermediate.manifest
         All outputs are up-to-date.
       LinkEmbedManifest:
         All outputs are up-to-date.
         PositiveNegative.vcxproj -> C:\Users\Muhammad HaMiD\Documents\Visual Studio 2010\Visual Studio\PositiveNegative\Debug\PositiveNegative.exe
       FinalizeBuildStatus:
         Deleting file "Debug\PositiveNegative.unsuccessfulbuild".
         Touching "Debug\PositiveNegative.lastbuildstate".
     1>Done Building Project "C:\Users\Muhammad HaMiD\Documents\Visual Studio 2010\Visual Studio\PositiveNegative\PositiveNegative\PositiveNegative.vcxproj" (build target(s)).

Build succeeded.

Time Elapsed 00:00:00.84
