Build started 12/23/2017 9:03:09 PM.
     1>Project "C:\Users\Muhammad HaMiD\Documents\Visual Studio 2010\Visual Studio\Addition\Addition\Addition.vcxproj" on node 2 (build target(s)).
     1>InitializeBuildStatus:
         Creating "Debug\Addition.unsuccessfulbuild" because "AlwaysCreate" was specified.
       ClCompile:
         C:\Program Files (x86)\Microsoft Visual Studio 10.0\VC\bin\CL.exe /c /ZI /nologo /W3 /WX- /Od /Oy- /D WIN32 /D _DEBUG /D _CONSOLE /D _UNICODE /D UNICODE /Gm /EHsc /RTC1 /MDd /GS /fp:precise /Zc:wchar_t /Zc:forScope /Fo"Debug\\" /Fd"Debug\vc100.pdb" /Gd /TC /analyze- /errorReport:prompt Adsition.c
         Adsition.c
       ManifestResourceCompile:
         C:\Program Files (x86)\Microsoft SDKs\Windows\v7.0A\bin\rc.exe /nologo /fo"Debug\Addition.exe.embed.manifest.res" Debug\Addition_manifest.rc 
       Link:
         C:\Program Files (x86)\Microsoft Visual Studio 10.0\VC\bin\link.exe /ERRORREPORT:PROMPT /OUT:"C:\Users\Muhammad HaMiD\Documents\Visual Studio 2010\Visual Studio\Addition\Debug\Addition.exe" /INCREMENTAL /NOLOGO kernel32.lib user32.lib gdi32.lib winspool.lib comdlg32.lib advapi32.lib shell32.lib ole32.lib oleaut32.lib uuid.lib odbc32.lib odbccp32.lib /MANIFEST /ManifestFile:"Debug\Addition.exe.intermediate.manifest" /MANIFESTUAC:"level='asInvoker' uiAccess='false'" /DEBUG /PDB:"C:\Users\Muhammad HaMiD\Documents\Visual Studio 2010\Visual Studio\Addition\Debug\Addition.pdb" /SUBSYSTEM:CONSOLE /TLBID:1 /DYNAMICBASE /NXCOMPAT /IMPLIB:"C:\Users\Muhammad HaMiD\Documents\Visual Studio 2010\Visual Studio\Addition\Debug\Addition.lib" /MACHINE:X86 Debug\Addition.exe.embed.manifest.res
         Debug\Adsition.obj
       Manifest:
         C:\Program Files (x86)\Microsoft SDKs\Windows\v7.0A\bin\mt.exe /nologo /verbose /out:"Debug\Addition.exe.embed.manifest" /manifest Debug\Addition.exe.intermediate.manifest
         All outputs are up-to-date.
       LinkEmbedManifest:
         All outputs are up-to-date.
         Addition.vcxproj -> C:\Users\Muhammad HaMiD\Documents\Visual Studio 2010\Visual Studio\Addition\Debug\Addition.exe
       FinalizeBuildStatus:
         Deleting file "Debug\Addition.unsuccessfulbuild".
         Touching "Debug\Addition.lastbuildstate".
     1>Done Building Project "C:\Users\Muhammad HaMiD\Documents\Visual Studio 2010\Visual Studio\Addition\Addition\Addition.vcxproj" (build target(s)).

Build succeeded.

Time Elapsed 00:00:04.29
