Build started 12/13/2017 8:22:42 PM.
     1>Project "C:\Users\Muhammad HaMiD\Documents\Visual Studio 2010\Projects\14 BMI\.C\.C.vcxproj" on node 2 (build target(s)).
     1>InitializeBuildStatus:
         Creating "Debug\.C.unsuccessfulbuild" because "AlwaysCreate" was specified.
       ClCompile:
         C:\Program Files (x86)\Microsoft Visual Studio 10.0\VC\bin\CL.exe /c /ZI /nologo /W3 /WX- /Od /Oy- /D WIN32 /D _DEBUG /D _CONSOLE /D _UNICODE /D UNICODE /Gm /EHsc /RTC1 /MDd /GS /fp:precise /Zc:wchar_t /Zc:forScope /Fo"Debug\\" /Fd"Debug\vc100.pdb" /Gd /TP /analyze- /errorReport:prompt BMI.cpp
         BMI.cpp
     1>c:\users\muhammad hamid\documents\visual studio 2010\projects\14 bmi\.c\bmi.cpp(7): warning C4996: 'scanf': This function or variable may be unsafe. Consider using scanf_s instead. To disable deprecation, use _CRT_SECURE_NO_WARNINGS. See online help for details.
                 c:\program files (x86)\microsoft visual studio 10.0\vc\include\stdio.h(304) : see declaration of 'scanf'
     1>c:\users\muhammad hamid\documents\visual studio 2010\projects\14 bmi\.c\bmi.cpp(9): warning C4996: 'scanf': This function or variable may be unsafe. Consider using scanf_s instead. To disable deprecation, use _CRT_SECURE_NO_WARNINGS. See online help for details.
                 c:\program files (x86)\microsoft visual studio 10.0\vc\include\stdio.h(304) : see declaration of 'scanf'
       ManifestResourceCompile:
         C:\Program Files (x86)\Microsoft SDKs\Windows\v7.0A\bin\rc.exe /nologo /fo"Debug\.C.exe.embed.manifest.res" Debug\.C_manifest.rc 
       Link:
         C:\Program Files (x86)\Microsoft Visual Studio 10.0\VC\bin\link.exe /ERRORREPORT:PROMPT /OUT:"C:\Users\Muhammad HaMiD\Documents\Visual Studio 2010\Projects\14 BMI\Debug\.C.exe" /INCREMENTAL /NOLOGO kernel32.lib user32.lib gdi32.lib winspool.lib comdlg32.lib advapi32.lib shell32.lib ole32.lib oleaut32.lib uuid.lib odbc32.lib odbccp32.lib /MANIFEST /ManifestFile:"Debug\.C.exe.intermediate.manifest" /MANIFESTUAC:"level='asInvoker' uiAccess='false'" /DEBUG /PDB:"C:\Users\Muhammad HaMiD\Documents\Visual Studio 2010\Projects\14 BMI\Debug\.C.pdb" /SUBSYSTEM:CONSOLE /TLBID:1 /DYNAMICBASE /NXCOMPAT /IMPLIB:"C:\Users\Muhammad HaMiD\Documents\Visual Studio 2010\Projects\14 BMI\Debug\.C.lib" /MACHINE:X86 Debug\.C.exe.embed.manifest.res
         Debug\BMI.obj
       Manifest:
         C:\Program Files (x86)\Microsoft SDKs\Windows\v7.0A\bin\mt.exe /nologo /verbose /out:"Debug\.C.exe.embed.manifest" /manifest Debug\.C.exe.intermediate.manifest
         C:\Program Files (x86)\Microsoft SDKs\Windows\v7.0A\bin\rc.exe /nologo /fo"Debug\.C.exe.embed.manifest.res" Debug\.C_manifest.rc 
       LinkEmbedManifest:
         C:\Program Files (x86)\Microsoft Visual Studio 10.0\VC\bin\link.exe /ERRORREPORT:PROMPT /OUT:"C:\Users\Muhammad HaMiD\Documents\Visual Studio 2010\Projects\14 BMI\Debug\.C.exe" /INCREMENTAL /NOLOGO kernel32.lib user32.lib gdi32.lib winspool.lib comdlg32.lib advapi32.lib shell32.lib ole32.lib oleaut32.lib uuid.lib odbc32.lib odbccp32.lib /MANIFEST /ManifestFile:"Debug\.C.exe.intermediate.manifest" /MANIFESTUAC:"level='asInvoker' uiAccess='false'" /DEBUG /PDB:"C:\Users\Muhammad HaMiD\Documents\Visual Studio 2010\Projects\14 BMI\Debug\.C.pdb" /SUBSYSTEM:CONSOLE /TLBID:1 /DYNAMICBASE /NXCOMPAT /IMPLIB:"C:\Users\Muhammad HaMiD\Documents\Visual Studio 2010\Projects\14 BMI\Debug\.C.lib" /MACHINE:X86 Debug\.C.exe.embed.manifest.res
         Debug\BMI.obj
         .C.vcxproj -> C:\Users\Muhammad HaMiD\Documents\Visual Studio 2010\Projects\14 BMI\Debug\.C.exe
       FinalizeBuildStatus:
         Deleting file "Debug\.C.unsuccessfulbuild".
         Touching "Debug\.C.lastbuildstate".
     1>Done Building Project "C:\Users\Muhammad HaMiD\Documents\Visual Studio 2010\Projects\14 BMI\.C\.C.vcxproj" (build target(s)).

Build succeeded.

Time Elapsed 00:00:03.53
