Build started 12/18/2017 6:38:52 PM.
     1>Project "F:\Work\Visual Studio\SmallestNum4\SmallestNum4\SmallestNum4.vcxproj" on node 2 (build target(s)).
     1>PrepareForBuild:
         Creating directory "F:\Work\Visual Studio\SmallestNum4\Debug\".
       InitializeBuildStatus:
         Creating "Debug\SmallestNum4.unsuccessfulbuild" because "AlwaysCreate" was specified.
       ClCompile:
         C:\Program Files (x86)\Microsoft Visual Studio 10.0\VC\bin\CL.exe /c /ZI /nologo /W3 /WX- /Od /Oy- /D WIN32 /D _DEBUG /D _CONSOLE /D _UNICODE /D UNICODE /Gm /EHsc /RTC1 /MDd /GS /fp:precise /Zc:wchar_t /Zc:forScope /Fo"Debug\\" /Fd"Debug\vc100.pdb" /Gd /TC /analyze- /errorReport:prompt SmallestNum4.c
         SmallestNum4.c
     1>f:\work\visual studio\smallestnum4\smallestnum4\smallestnum4.c(7): warning C4996: 'scanf': This function or variable may be unsafe. Consider using scanf_s instead. To disable deprecation, use _CRT_SECURE_NO_WARNINGS. See online help for details.
                 c:\program files (x86)\microsoft visual studio 10.0\vc\include\stdio.h(304) : see declaration of 'scanf'
     1>f:\work\visual studio\smallestnum4\smallestnum4\smallestnum4.c(9): warning C4996: 'scanf': This function or variable may be unsafe. Consider using scanf_s instead. To disable deprecation, use _CRT_SECURE_NO_WARNINGS. See online help for details.
                 c:\program files (x86)\microsoft visual studio 10.0\vc\include\stdio.h(304) : see declaration of 'scanf'
     1>f:\work\visual studio\smallestnum4\smallestnum4\smallestnum4.c(11): warning C4996: 'scanf': This function or variable may be unsafe. Consider using scanf_s instead. To disable deprecation, use _CRT_SECURE_NO_WARNINGS. See online help for details.
                 c:\program files (x86)\microsoft visual studio 10.0\vc\include\stdio.h(304) : see declaration of 'scanf'
     1>f:\work\visual studio\smallestnum4\smallestnum4\smallestnum4.c(13): warning C4996: 'scanf': This function or variable may be unsafe. Consider using scanf_s instead. To disable deprecation, use _CRT_SECURE_NO_WARNINGS. See online help for details.
                 c:\program files (x86)\microsoft visual studio 10.0\vc\include\stdio.h(304) : see declaration of 'scanf'
     1>f:\work\visual studio\smallestnum4\smallestnum4\smallestnum4.c(36): warning C4717: 'main' : recursive on all control paths, function will cause runtime stack overflow
       ManifestResourceCompile:
         C:\Program Files (x86)\Microsoft SDKs\Windows\v7.0A\bin\rc.exe /nologo /fo"Debug\SmallestNum4.exe.embed.manifest.res" Debug\SmallestNum4_manifest.rc 
       Link:
         C:\Program Files (x86)\Microsoft Visual Studio 10.0\VC\bin\link.exe /ERRORREPORT:PROMPT /OUT:"F:\Work\Visual Studio\SmallestNum4\Debug\SmallestNum4.exe" /INCREMENTAL /NOLOGO kernel32.lib user32.lib gdi32.lib winspool.lib comdlg32.lib advapi32.lib shell32.lib ole32.lib oleaut32.lib uuid.lib odbc32.lib odbccp32.lib /MANIFEST /ManifestFile:"Debug\SmallestNum4.exe.intermediate.manifest" /MANIFESTUAC:"level='asInvoker' uiAccess='false'" /DEBUG /PDB:"F:\Work\Visual Studio\SmallestNum4\Debug\SmallestNum4.pdb" /SUBSYSTEM:CONSOLE /TLBID:1 /DYNAMICBASE /NXCOMPAT /IMPLIB:"F:\Work\Visual Studio\SmallestNum4\Debug\SmallestNum4.lib" /MACHINE:X86 Debug\SmallestNum4.exe.embed.manifest.res
         Debug\SmallestNum4.obj
       Manifest:
         C:\Program Files (x86)\Microsoft SDKs\Windows\v7.0A\bin\mt.exe /nologo /verbose /out:"Debug\SmallestNum4.exe.embed.manifest" /manifest Debug\SmallestNum4.exe.intermediate.manifest
         C:\Program Files (x86)\Microsoft SDKs\Windows\v7.0A\bin\rc.exe /nologo /fo"Debug\SmallestNum4.exe.embed.manifest.res" Debug\SmallestNum4_manifest.rc 
       LinkEmbedManifest:
         C:\Program Files (x86)\Microsoft Visual Studio 10.0\VC\bin\link.exe /ERRORREPORT:PROMPT /OUT:"F:\Work\Visual Studio\SmallestNum4\Debug\SmallestNum4.exe" /INCREMENTAL /NOLOGO kernel32.lib user32.lib gdi32.lib winspool.lib comdlg32.lib advapi32.lib shell32.lib ole32.lib oleaut32.lib uuid.lib odbc32.lib odbccp32.lib /MANIFEST /ManifestFile:"Debug\SmallestNum4.exe.intermediate.manifest" /MANIFESTUAC:"level='asInvoker' uiAccess='false'" /DEBUG /PDB:"F:\Work\Visual Studio\SmallestNum4\Debug\SmallestNum4.pdb" /SUBSYSTEM:CONSOLE /TLBID:1 /DYNAMICBASE /NXCOMPAT /IMPLIB:"F:\Work\Visual Studio\SmallestNum4\Debug\SmallestNum4.lib" /MACHINE:X86 Debug\SmallestNum4.exe.embed.manifest.res
         Debug\SmallestNum4.obj
         SmallestNum4.vcxproj -> F:\Work\Visual Studio\SmallestNum4\Debug\SmallestNum4.exe
       FinalizeBuildStatus:
         Deleting file "Debug\SmallestNum4.unsuccessfulbuild".
         Touching "Debug\SmallestNum4.lastbuildstate".
     1>Done Building Project "F:\Work\Visual Studio\SmallestNum4\SmallestNum4\SmallestNum4.vcxproj" (build target(s)).

Build succeeded.

Time Elapsed 00:00:04.42
