Build started 12/19/2017 7:32:39 PM.
     1>Project "F:\Work\Visual Studio\WhileTableRange\WhileTableRange\WhileTableRange.vcxproj" on node 2 (build target(s)).
     1>InitializeBuildStatus:
         Creating "Debug\WhileTableRange.unsuccessfulbuild" because "AlwaysCreate" was specified.
       ClCompile:
         C:\Program Files (x86)\Microsoft Visual Studio 10.0\VC\bin\CL.exe /c /ZI /nologo /W3 /WX- /Od /Oy- /D WIN32 /D _DEBUG /D _CONSOLE /D _UNICODE /D UNICODE /Gm /EHsc /RTC1 /MDd /GS /fp:precise /Zc:wchar_t /Zc:forScope /Fo"Debug\\" /Fd"Debug\vc100.pdb" /Gd /TC /analyze- /errorReport:prompt WhileTableRange.c
         WhileTableRange.c
     1>f:\work\visual studio\whiletablerange\whiletablerange\whiletablerange.c(8): warning C4996: 'scanf': This function or variable may be unsafe. Consider using scanf_s instead. To disable deprecation, use _CRT_SECURE_NO_WARNINGS. See online help for details.
                 c:\program files (x86)\microsoft visual studio 10.0\vc\include\stdio.h(304) : see declaration of 'scanf'
     1>f:\work\visual studio\whiletablerange\whiletablerange\whiletablerange.c(10): warning C4996: 'scanf': This function or variable may be unsafe. Consider using scanf_s instead. To disable deprecation, use _CRT_SECURE_NO_WARNINGS. See online help for details.
                 c:\program files (x86)\microsoft visual studio 10.0\vc\include\stdio.h(304) : see declaration of 'scanf'
     1>f:\work\visual studio\whiletablerange\whiletablerange\whiletablerange.c(18): warning C4717: 'main' : recursive on all control paths, function will cause runtime stack overflow
       ManifestResourceCompile:
         All outputs are up-to-date.
       Link:
         C:\Program Files (x86)\Microsoft Visual Studio 10.0\VC\bin\link.exe /ERRORREPORT:PROMPT /OUT:"F:\Work\Visual Studio\WhileTableRange\Debug\WhileTableRange.exe" /INCREMENTAL /NOLOGO kernel32.lib user32.lib gdi32.lib winspool.lib comdlg32.lib advapi32.lib shell32.lib ole32.lib oleaut32.lib uuid.lib odbc32.lib odbccp32.lib /MANIFEST /ManifestFile:"Debug\WhileTableRange.exe.intermediate.manifest" /MANIFESTUAC:"level='asInvoker' uiAccess='false'" /DEBUG /PDB:"F:\Work\Visual Studio\WhileTableRange\Debug\WhileTableRange.pdb" /SUBSYSTEM:CONSOLE /TLBID:1 /DYNAMICBASE /NXCOMPAT /IMPLIB:"F:\Work\Visual Studio\WhileTableRange\Debug\WhileTableRange.lib" /MACHINE:X86 Debug\WhileTableRange.exe.embed.manifest.res
         Debug\WhileTableRange.obj
       Manifest:
         C:\Program Files (x86)\Microsoft SDKs\Windows\v7.0A\bin\mt.exe /nologo /verbose /out:"Debug\WhileTableRange.exe.embed.manifest" /manifest Debug\WhileTableRange.exe.intermediate.manifest
         All outputs are up-to-date.
       LinkEmbedManifest:
         All outputs are up-to-date.
         WhileTableRange.vcxproj -> F:\Work\Visual Studio\WhileTableRange\Debug\WhileTableRange.exe
       FinalizeBuildStatus:
         Deleting file "Debug\WhileTableRange.unsuccessfulbuild".
         Touching "Debug\WhileTableRange.lastbuildstate".
     1>Done Building Project "F:\Work\Visual Studio\WhileTableRange\WhileTableRange\WhileTableRange.vcxproj" (build target(s)).

Build succeeded.

Time Elapsed 00:00:01.32
