Build started 12/11/2017 1:15:13 PM.
     1>Project "F:\Work\Visual Studio\FormatSpecifier\FormatSpecifier\FormatSpecifier.vcxproj" on node 2 (build target(s)).
     1>InitializeBuildStatus:
         Creating "Debug\FormatSpecifier.unsuccessfulbuild" because "AlwaysCreate" was specified.
       ClCompile:
         C:\Program Files (x86)\Microsoft Visual Studio 10.0\VC\bin\CL.exe /c /ZI /nologo /W3 /WX- /Od /Oy- /D WIN32 /D _DEBUG /D _CONSOLE /D _UNICODE /D UNICODE /Gm /EHsc /RTC1 /MDd /GS /fp:precise /Zc:wchar_t /Zc:forScope /Fo"Debug\\" /Fd"Debug\vc100.pdb" /Gd /TC /analyze- /errorReport:prompt FormatSpecifier.c
         FormatSpecifier.c
       ManifestResourceCompile:
         All outputs are up-to-date.
       Link:
         C:\Program Files (x86)\Microsoft Visual Studio 10.0\VC\bin\link.exe /ERRORREPORT:PROMPT /OUT:"F:\Work\Visual Studio\FormatSpecifier\Debug\FormatSpecifier.exe" /INCREMENTAL /NOLOGO kernel32.lib user32.lib gdi32.lib winspool.lib comdlg32.lib advapi32.lib shell32.lib ole32.lib oleaut32.lib uuid.lib odbc32.lib odbccp32.lib /MANIFEST /ManifestFile:"Debug\FormatSpecifier.exe.intermediate.manifest" /MANIFESTUAC:"level='asInvoker' uiAccess='false'" /DEBUG /PDB:"F:\Work\Visual Studio\FormatSpecifier\Debug\FormatSpecifier.pdb" /SUBSYSTEM:CONSOLE /TLBID:1 /DYNAMICBASE /NXCOMPAT /IMPLIB:"F:\Work\Visual Studio\FormatSpecifier\Debug\FormatSpecifier.lib" /MACHINE:X86 Debug\FormatSpecifier.exe.embed.manifest.res
         Debug\FormatSpecifier.obj
       Manifest:
         C:\Program Files (x86)\Microsoft SDKs\Windows\v7.0A\bin\mt.exe /nologo /verbose /out:"Debug\FormatSpecifier.exe.embed.manifest" /manifest Debug\FormatSpecifier.exe.intermediate.manifest
         All outputs are up-to-date.
       LinkEmbedManifest:
         All outputs are up-to-date.
         FormatSpecifier.vcxproj -> F:\Work\Visual Studio\FormatSpecifier\Debug\FormatSpecifier.exe
       FinalizeBuildStatus:
         Deleting file "Debug\FormatSpecifier.unsuccessfulbuild".
         Touching "Debug\FormatSpecifier.lastbuildstate".
     1>Done Building Project "F:\Work\Visual Studio\FormatSpecifier\FormatSpecifier\FormatSpecifier.vcxproj" (build target(s)).

Build succeeded.

Time Elapsed 00:00:00.70
