Build started 12/12/2017 8:36:07 PM.
     1>Project "F:\Work\Visual Studio\BMI\BMI\BMI.vcxproj" on node 2 (build target(s)).
     1>InitializeBuildStatus:
         Touching "Debug\BMI.unsuccessfulbuild".
       ClCompile:
         C:\Program Files (x86)\Microsoft Visual Studio 10.0\VC\bin\CL.exe /c /ZI /nologo /W3 /WX- /Od /Oy- /D WIN32 /D _DEBUG /D _CONSOLE /D _UNICODE /D UNICODE /Gm /EHsc /RTC1 /MDd /GS /fp:precise /Zc:wchar_t /Zc:forScope /Fo"Debug\\" /Fd"Debug\vc100.pdb" /Gd /TC /analyze- /errorReport:prompt BMI.c
         BMI.c
     1>f:\work\visual studio\bmi\bmi\bmi.c(8): warning C4996: 'scanf': This function or variable may be unsafe. Consider using scanf_s instead. To disable deprecation, use _CRT_SECURE_NO_WARNINGS. See online help for details.
                 c:\program files (x86)\microsoft visual studio 10.0\vc\include\stdio.h(304) : see declaration of 'scanf'
     1>f:\work\visual studio\bmi\bmi\bmi.c(10): warning C4996: 'scanf': This function or variable may be unsafe. Consider using scanf_s instead. To disable deprecation, use _CRT_SECURE_NO_WARNINGS. See online help for details.
                 c:\program files (x86)\microsoft visual studio 10.0\vc\include\stdio.h(304) : see declaration of 'scanf'
       ManifestResourceCompile:
         C:\Program Files (x86)\Microsoft SDKs\Windows\v7.0A\bin\rc.exe /nologo /fo"Debug\BMI.exe.embed.manifest.res" Debug\BMI_manifest.rc 
       Link:
         C:\Program Files (x86)\Microsoft Visual Studio 10.0\VC\bin\link.exe /ERRORREPORT:PROMPT /OUT:"F:\Work\Visual Studio\BMI\Debug\BMI.exe" /INCREMENTAL /NOLOGO kernel32.lib user32.lib gdi32.lib winspool.lib comdlg32.lib advapi32.lib shell32.lib ole32.lib oleaut32.lib uuid.lib odbc32.lib odbccp32.lib /MANIFEST /ManifestFile:"Debug\BMI.exe.intermediate.manifest" /MANIFESTUAC:"level='asInvoker' uiAccess='false'" /DEBUG /PDB:"F:\Work\Visual Studio\BMI\Debug\BMI.pdb" /SUBSYSTEM:CONSOLE /TLBID:1 /DYNAMICBASE /NXCOMPAT /IMPLIB:"F:\Work\Visual Studio\BMI\Debug\BMI.lib" /MACHINE:X86 Debug\BMI.exe.embed.manifest.res
         Debug\BMI.obj
       Manifest:
         C:\Program Files (x86)\Microsoft SDKs\Windows\v7.0A\bin\mt.exe /nologo /verbose /out:"Debug\BMI.exe.embed.manifest" /manifest Debug\BMI.exe.intermediate.manifest
         C:\Program Files (x86)\Microsoft SDKs\Windows\v7.0A\bin\rc.exe /nologo /fo"Debug\BMI.exe.embed.manifest.res" Debug\BMI_manifest.rc 
       LinkEmbedManifest:
         C:\Program Files (x86)\Microsoft Visual Studio 10.0\VC\bin\link.exe /ERRORREPORT:PROMPT /OUT:"F:\Work\Visual Studio\BMI\Debug\BMI.exe" /INCREMENTAL /NOLOGO kernel32.lib user32.lib gdi32.lib winspool.lib comdlg32.lib advapi32.lib shell32.lib ole32.lib oleaut32.lib uuid.lib odbc32.lib odbccp32.lib /MANIFEST /ManifestFile:"Debug\BMI.exe.intermediate.manifest" /MANIFESTUAC:"level='asInvoker' uiAccess='false'" /DEBUG /PDB:"F:\Work\Visual Studio\BMI\Debug\BMI.pdb" /SUBSYSTEM:CONSOLE /TLBID:1 /DYNAMICBASE /NXCOMPAT /IMPLIB:"F:\Work\Visual Studio\BMI\Debug\BMI.lib" /MACHINE:X86 Debug\BMI.exe.embed.manifest.res
         Debug\BMI.obj
         BMI.vcxproj -> F:\Work\Visual Studio\BMI\Debug\BMI.exe
       FinalizeBuildStatus:
         Deleting file "Debug\BMI.unsuccessfulbuild".
         Touching "Debug\BMI.lastbuildstate".
     1>Done Building Project "F:\Work\Visual Studio\BMI\BMI\BMI.vcxproj" (build target(s)).

Build succeeded.

Time Elapsed 00:00:02.35
