Build started 12/24/2017 9:03:16 PM.
     1>Project "C:\Users\Muhammad HaMiD\Downloads\Programs\ten odd no with while loop\ten odd no with while loop\ten odd no with while loop.vcxproj" on node 2 (build target(s)).
     1>PrepareForBuild:
         Creating directory "C:\Users\Muhammad HaMiD\Downloads\Programs\ten odd no with while loop\Debug\".
       InitializeBuildStatus:
         Creating "Debug\ten odd no with while loop.unsuccessfulbuild" because "AlwaysCreate" was specified.
       ClCompile:
         C:\Program Files (x86)\Microsoft Visual Studio 10.0\VC\bin\CL.exe /c /ZI /nologo /W3 /WX- /Od /Oy- /D WIN32 /D _DEBUG /D _CONSOLE /D _UNICODE /D UNICODE /Gm /EHsc /RTC1 /MDd /GS /fp:precise /Zc:wchar_t /Zc:forScope /Fo"Debug\\" /Fd"Debug\vc100.pdb" /Gd /TC /analyze- /errorReport:prompt odd.c
         odd.c
       ManifestResourceCompile:
         C:\Program Files (x86)\Microsoft SDKs\Windows\v7.0A\bin\rc.exe /nologo /fo"Debug\ten odd no with while loop.exe.embed.manifest.res" "Debug\ten odd no with while loop_manifest.rc" 
       Link:
         C:\Program Files (x86)\Microsoft Visual Studio 10.0\VC\bin\link.exe /ERRORREPORT:PROMPT /OUT:"C:\Users\Muhammad HaMiD\Downloads\Programs\ten odd no with while loop\Debug\ten odd no with while loop.exe" /INCREMENTAL /NOLOGO kernel32.lib user32.lib gdi32.lib winspool.lib comdlg32.lib advapi32.lib shell32.lib ole32.lib oleaut32.lib uuid.lib odbc32.lib odbccp32.lib /MANIFEST /ManifestFile:"Debug\ten odd no with while loop.exe.intermediate.manifest" /MANIFESTUAC:"level='asInvoker' uiAccess='false'" /DEBUG /PDB:"C:\Users\Muhammad HaMiD\Downloads\Programs\ten odd no with while loop\Debug\ten odd no with while loop.pdb" /SUBSYSTEM:CONSOLE /TLBID:1 /DYNAMICBASE /NXCOMPAT /IMPLIB:"C:\Users\Muhammad HaMiD\Downloads\Programs\ten odd no with while loop\Debug\ten odd no with while loop.lib" /MACHINE:X86 "Debug\ten odd no with while loop.exe.embed.manifest.res"
         Debug\odd.obj
       Manifest:
         C:\Program Files (x86)\Microsoft SDKs\Windows\v7.0A\bin\mt.exe /nologo /verbose /out:"Debug\ten odd no with while loop.exe.embed.manifest" /manifest "Debug\ten odd no with while loop.exe.intermediate.manifest"
         C:\Program Files (x86)\Microsoft SDKs\Windows\v7.0A\bin\rc.exe /nologo /fo"Debug\ten odd no with while loop.exe.embed.manifest.res" "Debug\ten odd no with while loop_manifest.rc" 
       LinkEmbedManifest:
         C:\Program Files (x86)\Microsoft Visual Studio 10.0\VC\bin\link.exe /ERRORREPORT:PROMPT /OUT:"C:\Users\Muhammad HaMiD\Downloads\Programs\ten odd no with while loop\Debug\ten odd no with while loop.exe" /INCREMENTAL /NOLOGO kernel32.lib user32.lib gdi32.lib winspool.lib comdlg32.lib advapi32.lib shell32.lib ole32.lib oleaut32.lib uuid.lib odbc32.lib odbccp32.lib /MANIFEST /ManifestFile:"Debug\ten odd no with while loop.exe.intermediate.manifest" /MANIFESTUAC:"level='asInvoker' uiAccess='false'" /DEBUG /PDB:"C:\Users\Muhammad HaMiD\Downloads\Programs\ten odd no with while loop\Debug\ten odd no with while loop.pdb" /SUBSYSTEM:CONSOLE /TLBID:1 /DYNAMICBASE /NXCOMPAT /IMPLIB:"C:\Users\Muhammad HaMiD\Downloads\Programs\ten odd no with while loop\Debug\ten odd no with while loop.lib" /MACHINE:X86 "Debug\ten odd no with while loop.exe.embed.manifest.res"
         Debug\odd.obj
         ten odd no with while loop.vcxproj -> C:\Users\Muhammad HaMiD\Downloads\Programs\ten odd no with while loop\Debug\ten odd no with while loop.exe
       FinalizeBuildStatus:
         Deleting file "Debug\ten odd no with while loop.unsuccessfulbuild".
         Touching "Debug\ten odd no with while loop.lastbuildstate".
     1>Done Building Project "C:\Users\Muhammad HaMiD\Downloads\Programs\ten odd no with while loop\ten odd no with while loop\ten odd no with while loop.vcxproj" (build target(s)).

Build succeeded.

Time Elapsed 00:00:01.65
