Build started 12/24/2017 8:05:37 PM.
     1>Project "C:\Users\Muhammad HaMiD\Downloads\Programs\floating point\floating point\floating point.vcxproj" on node 2 (build target(s)).
     1>PrepareForBuild:
         Creating directory "C:\Users\Muhammad HaMiD\Downloads\Programs\floating point\Debug\".
       InitializeBuildStatus:
         Creating "Debug\floating point.unsuccessfulbuild" because "AlwaysCreate" was specified.
       ClCompile:
         C:\Program Files (x86)\Microsoft Visual Studio 10.0\VC\bin\CL.exe /c /ZI /nologo /W3 /WX- /Od /Oy- /D WIN32 /D _DEBUG /D _CONSOLE /D _UNICODE /D UNICODE /Gm /EHsc /RTC1 /MDd /GS /fp:precise /Zc:wchar_t /Zc:forScope /Fo"Debug\\" /Fd"Debug\vc100.pdb" /Gd /TC /analyze- /errorReport:prompt f.c
         f.c
     1>c:\users\muhammad hamid\downloads\programs\floating point\floating point\f.c(5): warning C4305: 'initializing' : truncation from 'double' to 'float'
       ManifestResourceCompile:
         C:\Program Files (x86)\Microsoft SDKs\Windows\v7.0A\bin\rc.exe /nologo /fo"Debug\floating point.exe.embed.manifest.res" "Debug\floating point_manifest.rc" 
       Link:
         C:\Program Files (x86)\Microsoft Visual Studio 10.0\VC\bin\link.exe /ERRORREPORT:PROMPT /OUT:"C:\Users\Muhammad HaMiD\Downloads\Programs\floating point\Debug\floating point.exe" /INCREMENTAL /NOLOGO kernel32.lib user32.lib gdi32.lib winspool.lib comdlg32.lib advapi32.lib shell32.lib ole32.lib oleaut32.lib uuid.lib odbc32.lib odbccp32.lib /MANIFEST /ManifestFile:"Debug\floating point.exe.intermediate.manifest" /MANIFESTUAC:"level='asInvoker' uiAccess='false'" /DEBUG /PDB:"C:\Users\Muhammad HaMiD\Downloads\Programs\floating point\Debug\floating point.pdb" /SUBSYSTEM:CONSOLE /TLBID:1 /DYNAMICBASE /NXCOMPAT /IMPLIB:"C:\Users\Muhammad HaMiD\Downloads\Programs\floating point\Debug\floating point.lib" /MACHINE:X86 "Debug\floating point.exe.embed.manifest.res"
         Debug\f.obj
       Manifest:
         C:\Program Files (x86)\Microsoft SDKs\Windows\v7.0A\bin\mt.exe /nologo /verbose /out:"Debug\floating point.exe.embed.manifest" /manifest "Debug\floating point.exe.intermediate.manifest"
         C:\Program Files (x86)\Microsoft SDKs\Windows\v7.0A\bin\rc.exe /nologo /fo"Debug\floating point.exe.embed.manifest.res" "Debug\floating point_manifest.rc" 
       LinkEmbedManifest:
         C:\Program Files (x86)\Microsoft Visual Studio 10.0\VC\bin\link.exe /ERRORREPORT:PROMPT /OUT:"C:\Users\Muhammad HaMiD\Downloads\Programs\floating point\Debug\floating point.exe" /INCREMENTAL /NOLOGO kernel32.lib user32.lib gdi32.lib winspool.lib comdlg32.lib advapi32.lib shell32.lib ole32.lib oleaut32.lib uuid.lib odbc32.lib odbccp32.lib /MANIFEST /ManifestFile:"Debug\floating point.exe.intermediate.manifest" /MANIFESTUAC:"level='asInvoker' uiAccess='false'" /DEBUG /PDB:"C:\Users\Muhammad HaMiD\Downloads\Programs\floating point\Debug\floating point.pdb" /SUBSYSTEM:CONSOLE /TLBID:1 /DYNAMICBASE /NXCOMPAT /IMPLIB:"C:\Users\Muhammad HaMiD\Downloads\Programs\floating point\Debug\floating point.lib" /MACHINE:X86 "Debug\floating point.exe.embed.manifest.res"
         Debug\f.obj
         floating point.vcxproj -> C:\Users\Muhammad HaMiD\Downloads\Programs\floating point\Debug\floating point.exe
       FinalizeBuildStatus:
         Deleting file "Debug\floating point.unsuccessfulbuild".
         Touching "Debug\floating point.lastbuildstate".
     1>Done Building Project "C:\Users\Muhammad HaMiD\Downloads\Programs\floating point\floating point\floating point.vcxproj" (build target(s)).

Build succeeded.

Time Elapsed 00:00:01.78
