Build started 12/12/2017 1:24:18 PM.
     1>Project "F:\Work\Visual Studio\UserTypeAverage\UserTypeAverage\UserTypeAverage.vcxproj" on node 2 (build target(s)).
     1>PrepareForBuild:
         Creating directory "F:\Work\Visual Studio\UserTypeAverage\Debug\".
       InitializeBuildStatus:
         Creating "Debug\UserTypeAverage.unsuccessfulbuild" because "AlwaysCreate" was specified.
       ClCompile:
         C:\Program Files (x86)\Microsoft Visual Studio 10.0\VC\bin\CL.exe /c /ZI /nologo /W3 /WX- /Od /Oy- /D WIN32 /D _DEBUG /D _CONSOLE /D _UNICODE /D UNICODE /Gm /EHsc /RTC1 /MDd /GS /fp:precise /Zc:wchar_t /Zc:forScope /Fo"Debug\\" /Fd"Debug\vc100.pdb" /Gd /TC /analyze- /errorReport:prompt UserTypeAverage.c
         UserTypeAverage.c
     1>f:\work\visual studio\usertypeaverage\usertypeaverage\usertypeaverage.c(9): warning C4996: 'scanf': This function or variable may be unsafe. Consider using scanf_s instead. To disable deprecation, use _CRT_SECURE_NO_WARNINGS. See online help for details.
                 c:\program files (x86)\microsoft visual studio 10.0\vc\include\stdio.h(304) : see declaration of 'scanf'
     1>f:\work\visual studio\usertypeaverage\usertypeaverage\usertypeaverage.c(11): warning C4996: 'scanf': This function or variable may be unsafe. Consider using scanf_s instead. To disable deprecation, use _CRT_SECURE_NO_WARNINGS. See online help for details.
                 c:\program files (x86)\microsoft visual studio 10.0\vc\include\stdio.h(304) : see declaration of 'scanf'
       ManifestResourceCompile:
         C:\Program Files (x86)\Microsoft SDKs\Windows\v7.0A\bin\rc.exe /nologo /fo"Debug\UserTypeAverage.exe.embed.manifest.res" Debug\UserTypeAverage_manifest.rc 
       Link:
         C:\Program Files (x86)\Microsoft Visual Studio 10.0\VC\bin\link.exe /ERRORREPORT:PROMPT /OUT:"F:\Work\Visual Studio\UserTypeAverage\Debug\UserTypeAverage.exe" /INCREMENTAL /NOLOGO kernel32.lib user32.lib gdi32.lib winspool.lib comdlg32.lib advapi32.lib shell32.lib ole32.lib oleaut32.lib uuid.lib odbc32.lib odbccp32.lib /MANIFEST /ManifestFile:"Debug\UserTypeAverage.exe.intermediate.manifest" /MANIFESTUAC:"level='asInvoker' uiAccess='false'" /DEBUG /PDB:"F:\Work\Visual Studio\UserTypeAverage\Debug\UserTypeAverage.pdb" /SUBSYSTEM:CONSOLE /TLBID:1 /DYNAMICBASE /NXCOMPAT /IMPLIB:"F:\Work\Visual Studio\UserTypeAverage\Debug\UserTypeAverage.lib" /MACHINE:X86 Debug\UserTypeAverage.exe.embed.manifest.res
         Debug\UserTypeAverage.obj
       Manifest:
         C:\Program Files (x86)\Microsoft SDKs\Windows\v7.0A\bin\mt.exe /nologo /verbose /out:"Debug\UserTypeAverage.exe.embed.manifest" /manifest Debug\UserTypeAverage.exe.intermediate.manifest
         C:\Program Files (x86)\Microsoft SDKs\Windows\v7.0A\bin\rc.exe /nologo /fo"Debug\UserTypeAverage.exe.embed.manifest.res" Debug\UserTypeAverage_manifest.rc 
       LinkEmbedManifest:
         C:\Program Files (x86)\Microsoft Visual Studio 10.0\VC\bin\link.exe /ERRORREPORT:PROMPT /OUT:"F:\Work\Visual Studio\UserTypeAverage\Debug\UserTypeAverage.exe" /INCREMENTAL /NOLOGO kernel32.lib user32.lib gdi32.lib winspool.lib comdlg32.lib advapi32.lib shell32.lib ole32.lib oleaut32.lib uuid.lib odbc32.lib odbccp32.lib /MANIFEST /ManifestFile:"Debug\UserTypeAverage.exe.intermediate.manifest" /MANIFESTUAC:"level='asInvoker' uiAccess='false'" /DEBUG /PDB:"F:\Work\Visual Studio\UserTypeAverage\Debug\UserTypeAverage.pdb" /SUBSYSTEM:CONSOLE /TLBID:1 /DYNAMICBASE /NXCOMPAT /IMPLIB:"F:\Work\Visual Studio\UserTypeAverage\Debug\UserTypeAverage.lib" /MACHINE:X86 Debug\UserTypeAverage.exe.embed.manifest.res
         Debug\UserTypeAverage.obj
         UserTypeAverage.vcxproj -> F:\Work\Visual Studio\UserTypeAverage\Debug\UserTypeAverage.exe
       FinalizeBuildStatus:
         Deleting file "Debug\UserTypeAverage.unsuccessfulbuild".
         Touching "Debug\UserTypeAverage.lastbuildstate".
     1>Done Building Project "F:\Work\Visual Studio\UserTypeAverage\UserTypeAverage\UserTypeAverage.vcxproj" (build target(s)).

Build succeeded.

Time Elapsed 00:00:03.32
