Build started 12/18/2017 1:44:57 PM.
     1>Project "c:\Users\muhammad hamid\documents\visual studio 2010\Projects\find smallest nmr\find smallest nmr\find smallest nmr.vcxproj" on node 2 (build target(s)).
     1>InitializeBuildStatus:
         Touching "Debug\find smallest nmr.unsuccessfulbuild".
       ClCompile:
         C:\Program Files (x86)\Microsoft Visual Studio 10.0\VC\bin\CL.exe /c /ZI /nologo /W3 /WX- /Od /Oy- /D WIN32 /D _DEBUG /D _CONSOLE /D _UNICODE /D UNICODE /Gm /EHsc /RTC1 /MDd /GS /fp:precise /Zc:wchar_t /Zc:forScope /Fo"Debug\\" /Fd"Debug\vc100.pdb" /Gd /TP /analyze- /errorReport:prompt smallest.cpp
         smallest.cpp
     1>c:\users\muhammad hamid\documents\visual studio 2010\projects\find smallest nmr\find smallest nmr\smallest.cpp(6): warning C4996: 'scanf': This function or variable may be unsafe. Consider using scanf_s instead. To disable deprecation, use _CRT_SECURE_NO_WARNINGS. See online help for details.
                 c:\program files (x86)\microsoft visual studio 10.0\vc\include\stdio.h(304) : see declaration of 'scanf'
     1>c:\users\muhammad hamid\documents\visual studio 2010\projects\find smallest nmr\find smallest nmr\smallest.cpp(16): warning C4717: 'main' : recursive on all control paths, function will cause runtime stack overflow
       ManifestResourceCompile:
         All outputs are up-to-date.
       Link:
         C:\Program Files (x86)\Microsoft Visual Studio 10.0\VC\bin\link.exe /ERRORREPORT:PROMPT /OUT:"c:\users\muhammad hamid\documents\visual studio 2010\Projects\find smallest nmr\Debug\find smallest nmr.exe" /INCREMENTAL /NOLOGO kernel32.lib user32.lib gdi32.lib winspool.lib comdlg32.lib advapi32.lib shell32.lib ole32.lib oleaut32.lib uuid.lib odbc32.lib odbccp32.lib /MANIFEST /ManifestFile:"Debug\find smallest nmr.exe.intermediate.manifest" /MANIFESTUAC:"level='asInvoker' uiAccess='false'" /DEBUG /PDB:"c:\users\muhammad hamid\documents\visual studio 2010\Projects\find smallest nmr\Debug\find smallest nmr.pdb" /SUBSYSTEM:CONSOLE /TLBID:1 /DYNAMICBASE /NXCOMPAT /IMPLIB:"c:\users\muhammad hamid\documents\visual studio 2010\Projects\find smallest nmr\Debug\find smallest nmr.lib" /MACHINE:X86 "Debug\find smallest nmr.exe.embed.manifest.res"
         Debug\smallest.obj
       Manifest:
         C:\Program Files (x86)\Microsoft SDKs\Windows\v7.0A\bin\mt.exe /nologo /verbose /out:"Debug\find smallest nmr.exe.embed.manifest" /manifest "Debug\find smallest nmr.exe.intermediate.manifest"
         All outputs are up-to-date.
       LinkEmbedManifest:
         All outputs are up-to-date.
         find smallest nmr.vcxproj -> c:\users\muhammad hamid\documents\visual studio 2010\Projects\find smallest nmr\Debug\find smallest nmr.exe
       FinalizeBuildStatus:
         Deleting file "Debug\find smallest nmr.unsuccessfulbuild".
         Touching "Debug\find smallest nmr.lastbuildstate".
     1>Done Building Project "c:\Users\muhammad hamid\documents\visual studio 2010\Projects\find smallest nmr\find smallest nmr\find smallest nmr.vcxproj" (build target(s)).

Build succeeded.

Time Elapsed 00:00:01.45
