Build started 12/19/2017 9:24:22 PM.
     1>Project "C:\Users\Muhammad HaMiD\Documents\Visual Studio 2010\Projects\+ve or -ve\+ve or -ve\+ve or -ve.vcxproj" on node 2 (build target(s)).
     1>InitializeBuildStatus:
         Creating "Debug\+ve or -ve.unsuccessfulbuild" because "AlwaysCreate" was specified.
       ClCompile:
         C:\Program Files (x86)\Microsoft Visual Studio 10.0\VC\bin\CL.exe /c /ZI /nologo /W3 /WX- /Od /Oy- /D WIN32 /D _DEBUG /D _CONSOLE /D _UNICODE /D UNICODE /Gm /EHsc /RTC1 /MDd /GS /fp:precise /Zc:wchar_t /Zc:forScope /Fo"Debug\\" /Fd"Debug\vc100.pdb" /Gd /TP /analyze- /errorReport:prompt "even odd.cpp"
         even odd.cpp
     1>c:\users\muhammad hamid\documents\visual studio 2010\projects\+ve or -ve\+ve or -ve\even odd.cpp(6): warning C4996: 'scanf': This function or variable may be unsafe. Consider using scanf_s instead. To disable deprecation, use _CRT_SECURE_NO_WARNINGS. See online help for details.
                 c:\program files (x86)\microsoft visual studio 10.0\vc\include\stdio.h(304) : see declaration of 'scanf'
     1>c:\users\muhammad hamid\documents\visual studio 2010\projects\+ve or -ve\+ve or -ve\even odd.cpp(11): warning C4717: 'main' : recursive on all control paths, function will cause runtime stack overflow
       ManifestResourceCompile:
         All outputs are up-to-date.
       Link:
         C:\Program Files (x86)\Microsoft Visual Studio 10.0\VC\bin\link.exe /ERRORREPORT:PROMPT /OUT:"C:\Users\Muhammad HaMiD\Documents\Visual Studio 2010\Projects\+ve or -ve\Debug\+ve or -ve.exe" /INCREMENTAL /NOLOGO kernel32.lib user32.lib gdi32.lib winspool.lib comdlg32.lib advapi32.lib shell32.lib ole32.lib oleaut32.lib uuid.lib odbc32.lib odbccp32.lib /MANIFEST /ManifestFile:"Debug\+ve or -ve.exe.intermediate.manifest" /MANIFESTUAC:"level='asInvoker' uiAccess='false'" /DEBUG /PDB:"C:\Users\Muhammad HaMiD\Documents\Visual Studio 2010\Projects\+ve or -ve\Debug\+ve or -ve.pdb" /SUBSYSTEM:CONSOLE /TLBID:1 /DYNAMICBASE /NXCOMPAT /IMPLIB:"C:\Users\Muhammad HaMiD\Documents\Visual Studio 2010\Projects\+ve or -ve\Debug\+ve or -ve.lib" /MACHINE:X86 "Debug\+ve or -ve.exe.embed.manifest.res"
         "Debug\even odd.obj"
       Manifest:
         C:\Program Files (x86)\Microsoft SDKs\Windows\v7.0A\bin\mt.exe /nologo /verbose /out:"Debug\+ve or -ve.exe.embed.manifest" /manifest "Debug\+ve or -ve.exe.intermediate.manifest"
         All outputs are up-to-date.
       LinkEmbedManifest:
         All outputs are up-to-date.
         +ve or -ve.vcxproj -> C:\Users\Muhammad HaMiD\Documents\Visual Studio 2010\Projects\+ve or -ve\Debug\+ve or -ve.exe
       FinalizeBuildStatus:
         Deleting file "Debug\+ve or -ve.unsuccessfulbuild".
         Touching "Debug\+ve or -ve.lastbuildstate".
     1>Done Building Project "C:\Users\Muhammad HaMiD\Documents\Visual Studio 2010\Projects\+ve or -ve\+ve or -ve\+ve or -ve.vcxproj" (build target(s)).

Build succeeded.

Time Elapsed 00:00:01.42
