Build started 12/26/2017 9:07:41 PM.
     1>Project "C:\Users\Muhammad HaMiD\Downloads\Programs\two no input find if second no is square fst\two no input find if second no is square fst\two no input find if second no is square fst.vcxproj" on node 2 (build target(s)).
     1>InitializeBuildStatus:
         Creating "Debug\two no input find if second no is square fst.unsuccessfulbuild" because "AlwaysCreate" was specified.
       ClCompile:
         C:\Program Files (x86)\Microsoft Visual Studio 10.0\VC\bin\CL.exe /c /ZI /nologo /W3 /WX- /Od /Oy- /D WIN32 /D _DEBUG /D _CONSOLE /D _UNICODE /D UNICODE /Gm /EHsc /RTC1 /MDd /GS /fp:precise /Zc:wchar_t /Zc:forScope /Fo"Debug\\" /Fd"Debug\vc100.pdb" /Gd /TC /analyze- /errorReport:prompt "square .c"
         square .c
     1>c:\users\muhammad hamid\downloads\programs\two no input find if second no is square fst\two no input find if second no is square fst\square .c(7): warning C4996: 'scanf': This function or variable may be unsafe. Consider using scanf_s instead. To disable deprecation, use _CRT_SECURE_NO_WARNINGS. See online help for details.
                 c:\program files (x86)\microsoft visual studio 10.0\vc\include\stdio.h(304) : see declaration of 'scanf'
     1>c:\users\muhammad hamid\downloads\programs\two no input find if second no is square fst\two no input find if second no is square fst\square .c(9): warning C4996: 'scanf': This function or variable may be unsafe. Consider using scanf_s instead. To disable deprecation, use _CRT_SECURE_NO_WARNINGS. See online help for details.
                 c:\program files (x86)\microsoft visual studio 10.0\vc\include\stdio.h(304) : see declaration of 'scanf'
       ManifestResourceCompile:
         All outputs are up-to-date.
       Link:
         C:\Program Files (x86)\Microsoft Visual Studio 10.0\VC\bin\link.exe /ERRORREPORT:PROMPT /OUT:"C:\Users\Muhammad HaMiD\Downloads\Programs\two no input find if second no is square fst\Debug\two no input find if second no is square fst.exe" /INCREMENTAL /NOLOGO kernel32.lib user32.lib gdi32.lib winspool.lib comdlg32.lib advapi32.lib shell32.lib ole32.lib oleaut32.lib uuid.lib odbc32.lib odbccp32.lib /MANIFEST /ManifestFile:"Debug\two no input find if second no is square fst.exe.intermediate.manifest" /MANIFESTUAC:"level='asInvoker' uiAccess='false'" /DEBUG /PDB:"C:\Users\Muhammad HaMiD\Downloads\Programs\two no input find if second no is square fst\Debug\two no input find if second no is square fst.pdb" /SUBSYSTEM:CONSOLE /TLBID:1 /DYNAMICBASE /NXCOMPAT /IMPLIB:"C:\Users\Muhammad HaMiD\Downloads\Programs\two no input find if second no is square fst\Debug\two no input find if second no is square fst.lib" /MACHINE:X86 "Debug\two no input find if second no is square fst.exe.embed.manifest.res"
         "Debug\square .obj"
       Manifest:
         C:\Program Files (x86)\Microsoft SDKs\Windows\v7.0A\bin\mt.exe /nologo /verbose /out:"Debug\two no input find if second no is square fst.exe.embed.manifest" /manifest "Debug\two no input find if second no is square fst.exe.intermediate.manifest"
         All outputs are up-to-date.
       LinkEmbedManifest:
         All outputs are up-to-date.
         two no input find if second no is square fst.vcxproj -> C:\Users\Muhammad HaMiD\Downloads\Programs\two no input find if second no is square fst\Debug\two no input find if second no is square fst.exe
       FinalizeBuildStatus:
         Deleting file "Debug\two no input find if second no is square fst.unsuccessfulbuild".
         Touching "Debug\two no input find if second no is square fst.lastbuildstate".
     1>Done Building Project "C:\Users\Muhammad HaMiD\Downloads\Programs\two no input find if second no is square fst\two no input find if second no is square fst\two no input find if second no is square fst.vcxproj" (build target(s)).

Build succeeded.

Time Elapsed 00:00:00.79
