Build started 12/17/2017 10:10:10 PM.
     1>Project "F:\Assignments\HotCold\HotCold\HotCold.vcxproj" on node 2 (build target(s)).
     1>InitializeBuildStatus:
         Creating "Debug\HotCold.unsuccessfulbuild" because "AlwaysCreate" was specified.
       ClCompile:
         C:\Program Files (x86)\Microsoft Visual Studio 10.0\VC\bin\CL.exe /c /ZI /nologo /W3 /WX- /Od /Oy- /D WIN32 /D _DEBUG /D _CONSOLE /D _UNICODE /D UNICODE /Gm /EHsc /RTC1 /MDd /GS /fp:precise /Zc:wchar_t /Zc:forScope /Fo"Debug\\" /Fd"Debug\vc100.pdb" /Gd /TC /analyze- /errorReport:prompt HotCold.c
         HotCold.c
     1>f:\assignments\hotcold\hotcold\hotcold.c(7): warning C4996: 'scanf': This function or variable may be unsafe. Consider using scanf_s instead. To disable deprecation, use _CRT_SECURE_NO_WARNINGS. See online help for details.
                 c:\program files (x86)\microsoft visual studio 10.0\vc\include\stdio.h(304) : see declaration of 'scanf'
       ManifestResourceCompile:
         C:\Program Files (x86)\Microsoft SDKs\Windows\v7.0A\bin\rc.exe /nologo /fo"Debug\HotCold.exe.embed.manifest.res" Debug\HotCold_manifest.rc 
       Link:
         C:\Program Files (x86)\Microsoft Visual Studio 10.0\VC\bin\link.exe /ERRORREPORT:PROMPT /OUT:"F:\Assignments\HotCold\Debug\HotCold.exe" /INCREMENTAL /NOLOGO kernel32.lib user32.lib gdi32.lib winspool.lib comdlg32.lib advapi32.lib shell32.lib ole32.lib oleaut32.lib uuid.lib odbc32.lib odbccp32.lib /MANIFEST /ManifestFile:"Debug\HotCold.exe.intermediate.manifest" /MANIFESTUAC:"level='asInvoker' uiAccess='false'" /DEBUG /PDB:"F:\Assignments\HotCold\Debug\HotCold.pdb" /SUBSYSTEM:CONSOLE /TLBID:1 /DYNAMICBASE /NXCOMPAT /IMPLIB:"F:\Assignments\HotCold\Debug\HotCold.lib" /MACHINE:X86 Debug\HotCold.exe.embed.manifest.res
         Debug\HotCold.obj
       Manifest:
         C:\Program Files (x86)\Microsoft SDKs\Windows\v7.0A\bin\mt.exe /nologo /verbose /out:"Debug\HotCold.exe.embed.manifest" /manifest Debug\HotCold.exe.intermediate.manifest
         All outputs are up-to-date.
       LinkEmbedManifest:
         All outputs are up-to-date.
         HotCold.vcxproj -> F:\Assignments\HotCold\Debug\HotCold.exe
       FinalizeBuildStatus:
         Deleting file "Debug\HotCold.unsuccessfulbuild".
         Touching "Debug\HotCold.lastbuildstate".
     1>Done Building Project "F:\Assignments\HotCold\HotCold\HotCold.vcxproj" (build target(s)).

Build succeeded.

Time Elapsed 00:00:00.95
