Build started 12/23/2017 9:54:59 PM.
     1>Project "C:\Users\Muhammad HaMiD\Downloads\Programs\multiply\multiply\multiply.vcxproj" on node 2 (build target(s)).
     1>InitializeBuildStatus:
         Creating "Debug\multiply.unsuccessfulbuild" because "AlwaysCreate" was specified.
       ClCompile:
         C:\Program Files (x86)\Microsoft Visual Studio 10.0\VC\bin\CL.exe /c /ZI /nologo /W3 /WX- /Od /Oy- /D WIN32 /D _DEBUG /D _CONSOLE /D _UNICODE /D UNICODE /Gm /EHsc /RTC1 /MDd /GS /fp:precise /Zc:wchar_t /Zc:forScope /Fo"Debug\\" /Fd"Debug\vc100.pdb" /Gd /TP /analyze- /errorReport:prompt m.cpp
         m.cpp
       ManifestResourceCompile:
         All outputs are up-to-date.
       Link:
         C:\Program Files (x86)\Microsoft Visual Studio 10.0\VC\bin\link.exe /ERRORREPORT:PROMPT /OUT:"C:\Users\Muhammad HaMiD\Downloads\Programs\multiply\Debug\multiply.exe" /INCREMENTAL /NOLOGO kernel32.lib user32.lib gdi32.lib winspool.lib comdlg32.lib advapi32.lib shell32.lib ole32.lib oleaut32.lib uuid.lib odbc32.lib odbccp32.lib /MANIFEST /ManifestFile:"Debug\multiply.exe.intermediate.manifest" /MANIFESTUAC:"level='asInvoker' uiAccess='false'" /DEBUG /PDB:"C:\Users\Muhammad HaMiD\Downloads\Programs\multiply\Debug\multiply.pdb" /SUBSYSTEM:CONSOLE /TLBID:1 /DYNAMICBASE /NXCOMPAT /IMPLIB:"C:\Users\Muhammad HaMiD\Downloads\Programs\multiply\Debug\multiply.lib" /MACHINE:X86 Debug\multiply.exe.embed.manifest.res
         Debug\m.obj
       Manifest:
         C:\Program Files (x86)\Microsoft SDKs\Windows\v7.0A\bin\mt.exe /nologo /verbose /out:"Debug\multiply.exe.embed.manifest" /manifest Debug\multiply.exe.intermediate.manifest
         All outputs are up-to-date.
       LinkEmbedManifest:
         All outputs are up-to-date.
         multiply.vcxproj -> C:\Users\Muhammad HaMiD\Downloads\Programs\multiply\Debug\multiply.exe
       FinalizeBuildStatus:
         Deleting file "Debug\multiply.unsuccessfulbuild".
         Touching "Debug\multiply.lastbuildstate".
     1>Done Building Project "C:\Users\Muhammad HaMiD\Downloads\Programs\multiply\multiply\multiply.vcxproj" (build target(s)).

Build succeeded.

Time Elapsed 00:00:00.46
