Build started 12/19/2017 9:54:58 PM.
     1>Project "F:\Work\Visual Studio\All In One Simple\All In One Simple\All In One Simple.vcxproj" on node 2 (build target(s)).
     1>InitializeBuildStatus:
         Creating "Debug\All In One Simple.unsuccessfulbuild" because "AlwaysCreate" was specified.
       ClCompile:
         C:\Program Files (x86)\Microsoft Visual Studio 10.0\VC\bin\CL.exe /c /ZI /nologo /W3 /WX- /Od /Oy- /D WIN32 /D _DEBUG /D _CONSOLE /D _UNICODE /D UNICODE /Gm /EHsc /RTC1 /MDd /GS /fp:precise /Zc:wchar_t /Zc:forScope /Fo"Debug\\" /Fd"Debug\vc100.pdb" /Gd /TC /analyze- /errorReport:prompt "All In One Simple.c"
         All In One Simple.c
     1>f:\work\visual studio\all in one simple\all in one simple\all in one simple.c(7): warning C4996: 'scanf': This function or variable may be unsafe. Consider using scanf_s instead. To disable deprecation, use _CRT_SECURE_NO_WARNINGS. See online help for details.
                 c:\program files (x86)\microsoft visual studio 10.0\vc\include\stdio.h(304) : see declaration of 'scanf'
     1>f:\work\visual studio\all in one simple\all in one simple\all in one simple.c(12): warning C4996: 'scanf': This function or variable may be unsafe. Consider using scanf_s instead. To disable deprecation, use _CRT_SECURE_NO_WARNINGS. See online help for details.
                 c:\program files (x86)\microsoft visual studio 10.0\vc\include\stdio.h(304) : see declaration of 'scanf'
       ManifestResourceCompile:
         All outputs are up-to-date.
       Link:
         C:\Program Files (x86)\Microsoft Visual Studio 10.0\VC\bin\link.exe /ERRORREPORT:PROMPT /OUT:"F:\Work\Visual Studio\All In One Simple\Debug\All In One Simple.exe" /INCREMENTAL /NOLOGO kernel32.lib user32.lib gdi32.lib winspool.lib comdlg32.lib advapi32.lib shell32.lib ole32.lib oleaut32.lib uuid.lib odbc32.lib odbccp32.lib /MANIFEST /ManifestFile:"Debug\All In One Simple.exe.intermediate.manifest" /MANIFESTUAC:"level='asInvoker' uiAccess='false'" /DEBUG /PDB:"F:\Work\Visual Studio\All In One Simple\Debug\All In One Simple.pdb" /SUBSYSTEM:CONSOLE /TLBID:1 /DYNAMICBASE /NXCOMPAT /IMPLIB:"F:\Work\Visual Studio\All In One Simple\Debug\All In One Simple.lib" /MACHINE:X86 "Debug\All In One Simple.exe.embed.manifest.res"
         "Debug\All In One Simple.obj"
       Manifest:
         C:\Program Files (x86)\Microsoft SDKs\Windows\v7.0A\bin\mt.exe /nologo /verbose /out:"Debug\All In One Simple.exe.embed.manifest" /manifest "Debug\All In One Simple.exe.intermediate.manifest"
         All outputs are up-to-date.
       LinkEmbedManifest:
         All outputs are up-to-date.
         All In One Simple.vcxproj -> F:\Work\Visual Studio\All In One Simple\Debug\All In One Simple.exe
       FinalizeBuildStatus:
         Deleting file "Debug\All In One Simple.unsuccessfulbuild".
         Touching "Debug\All In One Simple.lastbuildstate".
     1>Done Building Project "F:\Work\Visual Studio\All In One Simple\All In One Simple\All In One Simple.vcxproj" (build target(s)).

Build succeeded.

Time Elapsed 00:00:00.75
