Build started 1/9/2018 12:49:15 PM.
     1>Project "C:\Users\Muhammad HaMiD\Downloads\Programs\back counting ten to one\back counting ten to one\back counting ten to one.vcxproj" on node 2 (build target(s)).
     1>InitializeBuildStatus:
         Creating "Debug\back counting ten to one.unsuccessfulbuild" because "AlwaysCreate" was specified.
       ClCompile:
         C:\Program Files (x86)\Microsoft Visual Studio 10.0\VC\bin\CL.exe /c /ZI /nologo /W3 /WX- /Od /Oy- /D WIN32 /D _DEBUG /D _CONSOLE /D _UNICODE /D UNICODE /Gm /EHsc /RTC1 /MDd /GS /fp:precise /Zc:wchar_t /Zc:forScope /Fo"Debug\\" /Fd"Debug\vc100.pdb" /Gd /TC /analyze- /errorReport:prompt "back ...c"
         back ...c
       ManifestResourceCompile:
         All outputs are up-to-date.
       Link:
         C:\Program Files (x86)\Microsoft Visual Studio 10.0\VC\bin\link.exe /ERRORREPORT:PROMPT /OUT:"C:\Users\Muhammad HaMiD\Downloads\Programs\back counting ten to one\Debug\back counting ten to one.exe" /INCREMENTAL /NOLOGO kernel32.lib user32.lib gdi32.lib winspool.lib comdlg32.lib advapi32.lib shell32.lib ole32.lib oleaut32.lib uuid.lib odbc32.lib odbccp32.lib /MANIFEST /ManifestFile:"Debug\back counting ten to one.exe.intermediate.manifest" /MANIFESTUAC:"level='asInvoker' uiAccess='false'" /DEBUG /PDB:"C:\Users\Muhammad HaMiD\Downloads\Programs\back counting ten to one\Debug\back counting ten to one.pdb" /SUBSYSTEM:CONSOLE /TLBID:1 /DYNAMICBASE /NXCOMPAT /IMPLIB:"C:\Users\Muhammad HaMiD\Downloads\Programs\back counting ten to one\Debug\back counting ten to one.lib" /MACHINE:X86 "Debug\back counting ten to one.exe.embed.manifest.res"
         "Debug\back ...obj"
       Manifest:
         C:\Program Files (x86)\Microsoft SDKs\Windows\v7.0A\bin\mt.exe /nologo /verbose /out:"Debug\back counting ten to one.exe.embed.manifest" /manifest "Debug\back counting ten to one.exe.intermediate.manifest"
         All outputs are up-to-date.
       LinkEmbedManifest:
         All outputs are up-to-date.
         back counting ten to one.vcxproj -> C:\Users\Muhammad HaMiD\Downloads\Programs\back counting ten to one\Debug\back counting ten to one.exe
       FinalizeBuildStatus:
         Deleting file "Debug\back counting ten to one.unsuccessfulbuild".
         Touching "Debug\back counting ten to one.lastbuildstate".
     1>Done Building Project "C:\Users\Muhammad HaMiD\Downloads\Programs\back counting ten to one\back counting ten to one\back counting ten to one.vcxproj" (build target(s)).

Build succeeded.

Time Elapsed 00:00:03.56
