Build started 12/21/2017 1:45:52 PM.
     1>Project "F:\Work\Visual Studio\Sentinel Control Loop\Sentinel Control Loop\Sentinel Control Loop.vcxproj" on node 2 (build target(s)).
     1>InitializeBuildStatus:
         Creating "Debug\Sentinel Control Loop.unsuccessfulbuild" because "AlwaysCreate" was specified.
       ClCompile:
         C:\Program Files (x86)\Microsoft Visual Studio 10.0\VC\bin\CL.exe /c /ZI /nologo /W3 /WX- /Od /Oy- /D WIN32 /D _DEBUG /D _CONSOLE /D _UNICODE /D UNICODE /Gm /EHsc /RTC1 /MDd /GS /fp:precise /Zc:wchar_t /Zc:forScope /Fo"Debug\\" /Fd"Debug\vc100.pdb" /Gd /TC /analyze- /errorReport:prompt "Sentinel Control Loop.c"
         Sentinel Control Loop.c
     1>f:\work\visual studio\sentinel control loop\sentinel control loop\sentinel control loop.c(9): warning C4996: 'scanf': This function or variable may be unsafe. Consider using scanf_s instead. To disable deprecation, use _CRT_SECURE_NO_WARNINGS. See online help for details.
                 c:\program files (x86)\microsoft visual studio 10.0\vc\include\stdio.h(304) : see declaration of 'scanf'
     1>f:\work\visual studio\sentinel control loop\sentinel control loop\sentinel control loop.c(14): warning C4996: 'scanf': This function or variable may be unsafe. Consider using scanf_s instead. To disable deprecation, use _CRT_SECURE_NO_WARNINGS. See online help for details.
                 c:\program files (x86)\microsoft visual studio 10.0\vc\include\stdio.h(304) : see declaration of 'scanf'
     1>f:\work\visual studio\sentinel control loop\sentinel control loop\sentinel control loop.c(21): warning C4996: 'scanf': This function or variable may be unsafe. Consider using scanf_s instead. To disable deprecation, use _CRT_SECURE_NO_WARNINGS. See online help for details.
                 c:\program files (x86)\microsoft visual studio 10.0\vc\include\stdio.h(304) : see declaration of 'scanf'
       ManifestResourceCompile:
         All outputs are up-to-date.
       Link:
         C:\Program Files (x86)\Microsoft Visual Studio 10.0\VC\bin\link.exe /ERRORREPORT:PROMPT /OUT:"F:\Work\Visual Studio\Sentinel Control Loop\Debug\Sentinel Control Loop.exe" /INCREMENTAL /NOLOGO kernel32.lib user32.lib gdi32.lib winspool.lib comdlg32.lib advapi32.lib shell32.lib ole32.lib oleaut32.lib uuid.lib odbc32.lib odbccp32.lib /MANIFEST /ManifestFile:"Debug\Sentinel Control Loop.exe.intermediate.manifest" /MANIFESTUAC:"level='asInvoker' uiAccess='false'" /DEBUG /PDB:"F:\Work\Visual Studio\Sentinel Control Loop\Debug\Sentinel Control Loop.pdb" /SUBSYSTEM:CONSOLE /TLBID:1 /DYNAMICBASE /NXCOMPAT /IMPLIB:"F:\Work\Visual Studio\Sentinel Control Loop\Debug\Sentinel Control Loop.lib" /MACHINE:X86 "Debug\Sentinel Control Loop.exe.embed.manifest.res"
         "Debug\Sentinel Control Loop.obj"
       Manifest:
         C:\Program Files (x86)\Microsoft SDKs\Windows\v7.0A\bin\mt.exe /nologo /verbose /out:"Debug\Sentinel Control Loop.exe.embed.manifest" /manifest "Debug\Sentinel Control Loop.exe.intermediate.manifest"
         All outputs are up-to-date.
       LinkEmbedManifest:
         All outputs are up-to-date.
         Sentinel Control Loop.vcxproj -> F:\Work\Visual Studio\Sentinel Control Loop\Debug\Sentinel Control Loop.exe
       FinalizeBuildStatus:
         Deleting file "Debug\Sentinel Control Loop.unsuccessfulbuild".
         Touching "Debug\Sentinel Control Loop.lastbuildstate".
     1>Done Building Project "F:\Work\Visual Studio\Sentinel Control Loop\Sentinel Control Loop\Sentinel Control Loop.vcxproj" (build target(s)).

Build succeeded.

Time Elapsed 00:00:00.75
