Build started 12/24/2017 7:48:46 PM.
     1>Project "C:\Users\Muhammad HaMiD\Downloads\Programs\base.. height\base.. height\base.. height.vcxproj" on node 2 (build target(s)).
     1>InitializeBuildStatus:
         Creating "Debug\base.. height.unsuccessfulbuild" because "AlwaysCreate" was specified.
       ClCompile:
         C:\Program Files (x86)\Microsoft Visual Studio 10.0\VC\bin\CL.exe /c /ZI /nologo /W3 /WX- /Od /Oy- /D WIN32 /D _DEBUG /D _CONSOLE /D _UNICODE /D UNICODE /Gm /EHsc /RTC1 /MDd /GS /fp:precise /Zc:wchar_t /Zc:forScope /Fo"Debug\\" /Fd"Debug\vc100.pdb" /Gd /TP /analyze- /errorReport:prompt b.h.cpp
         b.h.cpp
     1>c:\users\muhammad hamid\downloads\programs\base.. height\base.. height\b.h.cpp(7): warning C4996: 'scanf': This function or variable may be unsafe. Consider using scanf_s instead. To disable deprecation, use _CRT_SECURE_NO_WARNINGS. See online help for details.
                 c:\program files (x86)\microsoft visual studio 10.0\vc\include\stdio.h(304) : see declaration of 'scanf'
     1>c:\users\muhammad hamid\downloads\programs\base.. height\base.. height\b.h.cpp(9): warning C4996: 'scanf': This function or variable may be unsafe. Consider using scanf_s instead. To disable deprecation, use _CRT_SECURE_NO_WARNINGS. See online help for details.
                 c:\program files (x86)\microsoft visual studio 10.0\vc\include\stdio.h(304) : see declaration of 'scanf'
     1>c:\users\muhammad hamid\downloads\programs\base.. height\base.. height\b.h.cpp(10): warning C4244: '=' : conversion from 'double' to 'float', possible loss of data
     1>c:\users\muhammad hamid\downloads\programs\base.. height\base.. height\b.h.cpp(13): warning C4717: 'main' : recursive on all control paths, function will cause runtime stack overflow
       ManifestResourceCompile:
         All outputs are up-to-date.
       Link:
         C:\Program Files (x86)\Microsoft Visual Studio 10.0\VC\bin\link.exe /ERRORREPORT:PROMPT /OUT:"C:\Users\Muhammad HaMiD\Downloads\Programs\base.. height\Debug\base.. height.exe" /INCREMENTAL /NOLOGO kernel32.lib user32.lib gdi32.lib winspool.lib comdlg32.lib advapi32.lib shell32.lib ole32.lib oleaut32.lib uuid.lib odbc32.lib odbccp32.lib /MANIFEST /ManifestFile:"Debug\base.. height.exe.intermediate.manifest" /MANIFESTUAC:"level='asInvoker' uiAccess='false'" /DEBUG /PDB:"C:\Users\Muhammad HaMiD\Downloads\Programs\base.. height\Debug\base.. height.pdb" /SUBSYSTEM:CONSOLE /TLBID:1 /DYNAMICBASE /NXCOMPAT /IMPLIB:"C:\Users\Muhammad HaMiD\Downloads\Programs\base.. height\Debug\base.. height.lib" /MACHINE:X86 "Debug\base.. height.exe.embed.manifest.res"
         Debug\b.h.obj
       Manifest:
         C:\Program Files (x86)\Microsoft SDKs\Windows\v7.0A\bin\mt.exe /nologo /verbose /out:"Debug\base.. height.exe.embed.manifest" /manifest "Debug\base.. height.exe.intermediate.manifest"
         All outputs are up-to-date.
       LinkEmbedManifest:
         All outputs are up-to-date.
         base.. height.vcxproj -> C:\Users\Muhammad HaMiD\Downloads\Programs\base.. height\Debug\base.. height.exe
       FinalizeBuildStatus:
         Deleting file "Debug\base.. height.unsuccessfulbuild".
         Touching "Debug\base.. height.lastbuildstate".
     1>Done Building Project "C:\Users\Muhammad HaMiD\Downloads\Programs\base.. height\base.. height\base.. height.vcxproj" (build target(s)).

Build succeeded.

Time Elapsed 00:00:00.60
