Build started 12/26/2017 8:43:19 PM.
     1>Project "C:\Users\Muhammad HaMiD\Downloads\Programs\input string and display no screen\input string and display no screen\input string and display no screen.vcxproj" on node 2 (build target(s)).
     1>PrepareForBuild:
         Creating directory "C:\Users\Muhammad HaMiD\Downloads\Programs\input string and display no screen\Debug\".
       InitializeBuildStatus:
         Creating "Debug\input string and display no screen.unsuccessfulbuild" because "AlwaysCreate" was specified.
       ClCompile:
         C:\Program Files (x86)\Microsoft Visual Studio 10.0\VC\bin\CL.exe /c /ZI /nologo /W3 /WX- /Od /Oy- /D WIN32 /D _DEBUG /D _CONSOLE /D _UNICODE /D UNICODE /Gm /EHsc /RTC1 /MDd /GS /fp:precise /Zc:wchar_t /Zc:forScope /Fo"Debug\\" /Fd"Debug\vc100.pdb" /Gd /TC /analyze- /errorReport:prompt int.c
         int.c
     1>c:\users\muhammad hamid\downloads\programs\input string and display no screen\input string and display no screen\int.c(7): warning C4996: 'gets': This function or variable may be unsafe. Consider using gets_s instead. To disable deprecation, use _CRT_SECURE_NO_WARNINGS. See online help for details.
                 c:\program files (x86)\microsoft visual studio 10.0\vc\include\stdio.h(277) : see declaration of 'gets'
       ManifestResourceCompile:
         C:\Program Files (x86)\Microsoft SDKs\Windows\v7.0A\bin\rc.exe /nologo /fo"Debug\input string and display no screen.exe.embed.manifest.res" "Debug\input string and display no screen_manifest.rc" 
       Link:
         C:\Program Files (x86)\Microsoft Visual Studio 10.0\VC\bin\link.exe /ERRORREPORT:PROMPT /OUT:"C:\Users\Muhammad HaMiD\Downloads\Programs\input string and display no screen\Debug\input string and display no screen.exe" /INCREMENTAL /NOLOGO kernel32.lib user32.lib gdi32.lib winspool.lib comdlg32.lib advapi32.lib shell32.lib ole32.lib oleaut32.lib uuid.lib odbc32.lib odbccp32.lib /MANIFEST /ManifestFile:"Debug\input string and display no screen.exe.intermediate.manifest" /MANIFESTUAC:"level='asInvoker' uiAccess='false'" /DEBUG /PDB:"C:\Users\Muhammad HaMiD\Downloads\Programs\input string and display no screen\Debug\input string and display no screen.pdb" /SUBSYSTEM:CONSOLE /TLBID:1 /DYNAMICBASE /NXCOMPAT /IMPLIB:"C:\Users\Muhammad HaMiD\Downloads\Programs\input string and display no screen\Debug\input string and display no screen.lib" /MACHINE:X86 "Debug\input string and display no screen.exe.embed.manifest.res"
         Debug\int.obj
       Manifest:
         C:\Program Files (x86)\Microsoft SDKs\Windows\v7.0A\bin\mt.exe /nologo /verbose /out:"Debug\input string and display no screen.exe.embed.manifest" /manifest "Debug\input string and display no screen.exe.intermediate.manifest"
         C:\Program Files (x86)\Microsoft SDKs\Windows\v7.0A\bin\rc.exe /nologo /fo"Debug\input string and display no screen.exe.embed.manifest.res" "Debug\input string and display no screen_manifest.rc" 
       LinkEmbedManifest:
         C:\Program Files (x86)\Microsoft Visual Studio 10.0\VC\bin\link.exe /ERRORREPORT:PROMPT /OUT:"C:\Users\Muhammad HaMiD\Downloads\Programs\input string and display no screen\Debug\input string and display no screen.exe" /INCREMENTAL /NOLOGO kernel32.lib user32.lib gdi32.lib winspool.lib comdlg32.lib advapi32.lib shell32.lib ole32.lib oleaut32.lib uuid.lib odbc32.lib odbccp32.lib /MANIFEST /ManifestFile:"Debug\input string and display no screen.exe.intermediate.manifest" /MANIFESTUAC:"level='asInvoker' uiAccess='false'" /DEBUG /PDB:"C:\Users\Muhammad HaMiD\Downloads\Programs\input string and display no screen\Debug\input string and display no screen.pdb" /SUBSYSTEM:CONSOLE /TLBID:1 /DYNAMICBASE /NXCOMPAT /IMPLIB:"C:\Users\Muhammad HaMiD\Downloads\Programs\input string and display no screen\Debug\input string and display no screen.lib" /MACHINE:X86 "Debug\input string and display no screen.exe.embed.manifest.res"
         Debug\int.obj
         input string and display no screen.vcxproj -> C:\Users\Muhammad HaMiD\Downloads\Programs\input string and display no screen\Debug\input string and display no screen.exe
       FinalizeBuildStatus:
         Deleting file "Debug\input string and display no screen.unsuccessfulbuild".
         Touching "Debug\input string and display no screen.lastbuildstate".
     1>Done Building Project "C:\Users\Muhammad HaMiD\Downloads\Programs\input string and display no screen\input string and display no screen\input string and display no screen.vcxproj" (build target(s)).

Build succeeded.

Time Elapsed 00:00:01.90
